TN:
SF:src/api/api.ts
FN:23,get
FN:43,put
FN:53,post
FN:62,postFormData
FN:71,postJson
FN:81,delete_
FN:86,handleResponse
FN:109,getActuator
FN:114,getActuatorItem
FN:119,getVersion
FN:127,getMetricsAll
FN:132,(anonymous_11)
FN:145,getMetrics
FN:148,(anonymous_13)
FN:157,(anonymous_14)
FN:170,getMetric
FN:172,(anonymous_16)
FN:177,deleteUser
FN:181,putUser
FN:185,deleteProject
FN:189,putProject
FN:193,getUsers
FN:197,getProjects
FN:201,getFiles
FN:205,getFileDetail
FN:216,getPrincipal
FN:220,getProject
FN:225,deleteObject
FN:232,getProfiles
FN:236,deleteProfile
FN:240,putProfile
FN:244,startProfile
FN:248,stopProfile
FN:252,uploadIntoProject
FN:263,previewObject
FN:271,logout
FN:273,(anonymous_36)
FN:278,authenticate
FN:288,getFileDetails
FN:294,getTableVariables
FN:305,createLinkFile
FN:322,getFreeDiskSpace
FN:323,(anonymous_42)
FNF:43
FNH:2
FNDA:2,get
FNDA:0,put
FNDA:0,post
FNDA:0,postFormData
FNDA:0,postJson
FNDA:0,delete_
FNDA:0,handleResponse
FNDA:0,getActuator
FNDA:0,getActuatorItem
FNDA:0,getVersion
FNDA:0,getMetricsAll
FNDA:0,(anonymous_11)
FNDA:0,getMetrics
FNDA:0,(anonymous_13)
FNDA:0,(anonymous_14)
FNDA:0,getMetric
FNDA:0,(anonymous_16)
FNDA:0,deleteUser
FNDA:0,putUser
FNDA:0,deleteProject
FNDA:0,putProject
FNDA:0,getUsers
FNDA:2,getProjects
FNDA:0,getFiles
FNDA:0,getFileDetail
FNDA:0,getPrincipal
FNDA:0,getProject
FNDA:0,deleteObject
FNDA:0,getProfiles
FNDA:0,deleteProfile
FNDA:0,putProfile
FNDA:0,startProfile
FNDA:0,stopProfile
FNDA:0,uploadIntoProject
FNDA:0,previewObject
FNDA:0,logout
FNDA:0,(anonymous_36)
FNDA:0,authenticate
FNDA:0,getFileDetails
FNDA:0,getTableVariables
FNDA:0,createLinkFile
FNDA:0,getFreeDiskSpace
FNDA:0,(anonymous_42)
DA:1,7
DA:2,7
DA:21,7
DA:23,7
DA:24,2
DA:25,2
DA:26,0
DA:28,2
DA:33,0
DA:34,0
DA:35,0
DA:36,0
DA:37,0
DA:39,0
DA:43,7
DA:44,0
DA:49,0
DA:50,0
DA:53,7
DA:54,0
DA:58,0
DA:59,0
DA:62,7
DA:63,0
DA:67,0
DA:68,0
DA:71,7
DA:72,0
DA:77,0
DA:78,0
DA:81,7
DA:82,0
DA:83,0
DA:86,7
DA:87,0
DA:88,0
DA:89,0
DA:90,0
DA:91,0
DA:92,0
DA:95,0
DA:97,0
DA:98,0
DA:100,0
DA:103,0
DA:105,0
DA:109,7
DA:110,0
DA:111,0
DA:114,7
DA:115,0
DA:116,0
DA:119,7
DA:120,0
DA:121,0
DA:127,7
DA:128,0
DA:129,0
DA:131,0
DA:133,0
DA:134,0
DA:135,0
DA:139,0
DA:146,0
DA:147,0
DA:150,0
DA:151,0
DA:153,0
DA:154,0
DA:158,0
DA:159,0
DA:171,0
DA:172,0
DA:173,0
DA:177,7
DA:178,0
DA:181,7
DA:182,0
DA:185,7
DA:186,0
DA:189,7
DA:190,0
DA:193,7
DA:194,0
DA:197,7
DA:198,2
DA:201,7
DA:202,0
DA:205,7
DA:211,0
DA:216,7
DA:217,0
DA:220,7
DA:221,0
DA:222,0
DA:225,7
DA:226,0
DA:232,7
DA:233,0
DA:236,7
DA:237,0
DA:240,7
DA:241,0
DA:244,7
DA:245,0
DA:248,7
DA:249,0
DA:252,7
DA:257,0
DA:258,0
DA:259,0
DA:260,0
DA:263,7
DA:264,0
DA:271,7
DA:272,0
DA:273,0
DA:274,0
DA:278,7
DA:279,0
DA:285,0
DA:288,7
DA:289,0
DA:294,7
DA:298,0
DA:305,7
DA:312,0
DA:313,0
DA:319,0
DA:322,7
DA:323,0
DA:324,0
LF:132
LH:42
BRDA:23,0,0,2
BRDA:25,1,0,0
BRDA:34,2,0,0
BRDA:34,2,1,0
BRDA:34,3,0,0
BRDA:34,3,1,0
BRDA:36,4,0,0
BRDA:36,4,1,0
BRDA:36,5,0,0
BRDA:36,5,1,0
BRDA:88,6,0,0
BRDA:88,6,1,0
BRDA:89,7,0,0
BRDA:89,7,1,0
BRDA:91,8,0,0
BRDA:91,8,1,0
BRDA:91,9,0,0
BRDA:91,9,1,0
BRDA:97,10,0,0
BRDA:97,10,1,0
BRDA:150,11,0,0
BRDA:150,11,1,0
BRF:22
BRH:1
end_of_record
TN:
SF:src/api/config.ts
FNF:0
FNH:0
DA:1,7
LF:1
LH:1
BRF:0
BRH:0
end_of_record
TN:
SF:src/components/Alert.vue
FN:34,render
FN:51,(anonymous_1)
FNF:2
FNH:1
FNDA:6,render
FNDA:0,(anonymous_1)
DA:3,5
DA:6,5
DA:7,5
DA:18,5
DA:19,5
DA:20,5
DA:21,5
DA:22,5
DA:26,5
DA:30,5
DA:35,6
DA:51,0
DA:59,5
DA:60,5
LF:14
LH:13
BRDA:39,0,0,0
BRDA:39,0,1,6
BRDA:41,1,0,3
BRDA:41,1,1,3
BRDA:43,2,0,3
BRDA:43,2,1,0
BRDA:43,3,0,3
BRDA:43,3,1,0
BRDA:48,4,0,6
BRDA:48,4,1,0
BRDA:51,5,0,6
BRDA:51,5,1,4
BRF:12
BRH:8
end_of_record
TN:
SF:src/components/Badge.vue
FN:14,render
FNF:1
FNH:1
FNDA:70,render
DA:3,8
DA:6,8
DA:9,8
DA:10,8
DA:11,8
DA:12,8
DA:13,8
DA:15,70
DA:19,8
DA:20,8
LF:10
LH:10
BRF:0
BRH:0
end_of_record
TN:
SF:src/components/BadgeList.vue
FN:3,(anonymous_0)
FN:28,(anonymous_1)
FN:34,(anonymous_2)
FN:40,(anonymous_3)
FN:46,(anonymous_4)
FN:63,render
FN:66,(anonymous_6)
FN:68,(anonymous_7)
FN:74,(anonymous_8)
FNF:9
FNH:7
FNDA:7,(anonymous_0)
FNDA:8,(anonymous_1)
FNDA:1,(anonymous_2)
FNDA:0,(anonymous_3)
FNDA:28,(anonymous_4)
FNDA:10,render
FNDA:28,(anonymous_6)
FNDA:28,(anonymous_7)
FNDA:0,(anonymous_8)
DA:3,7
DA:4,7
DA:8,7
DA:11,7
DA:12,7
DA:13,7
DA:29,8
DA:35,1
DA:36,1
DA:41,0
DA:45,7
DA:46,7
DA:47,28
DA:48,28
DA:49,0
DA:50,0
DA:53,28
DA:55,7
DA:56,7
DA:57,7
DA:58,7
DA:59,7
DA:60,7
DA:64,10
DA:65,10
DA:67,28
DA:68,28
DA:74,0
DA:83,7
DA:84,7
LF:30
LH:26
BRDA:3,0,0,7
BRDA:3,0,1,7
BRDA:3,0,2,7
BRDA:4,1,0,7
BRDA:4,1,1,0
BRDA:4,2,0,7
BRDA:4,2,1,7
BRDA:46,3,0,7
BRDA:46,3,1,7
BRDA:46,3,2,7
BRDA:47,4,0,28
BRDA:47,4,1,0
BRDA:47,5,0,28
BRDA:47,5,1,0
BRDA:48,6,0,0
BRDA:48,6,1,28
BRDA:48,7,0,28
BRDA:48,7,1,28
BRDA:49,8,0,0
BRDA:49,8,1,0
BRDA:53,9,0,28
BRDA:53,9,1,28
BRDA:70,10,0,28
BRDA:70,10,1,0
BRF:24
BRH:17
end_of_record
TN:
SF:src/components/ButtonGroup.vue
FN:35,(anonymous_0)
FN:39,(anonymous_1)
FN:59,render
FN:61,(anonymous_3)
FN:67,(anonymous_4)
FNF:5
FNH:5
FNDA:21,(anonymous_0)
FNDA:3,(anonymous_1)
FNDA:9,render
FNDA:21,(anonymous_3)
FNDA:3,(anonymous_4)
DA:3,6
DA:6,6
DA:7,6
DA:37,21
DA:42,3
DA:43,1
DA:45,2
DA:50,6
DA:51,6
DA:52,6
DA:53,6
DA:54,6
DA:58,6
DA:60,9
DA:62,21
DA:67,3
DA:76,6
DA:77,6
LF:18
LH:18
BRDA:37,0,0,3
BRDA:37,0,1,18
BRDA:42,1,0,1
BRDA:42,1,1,2
BRDA:42,2,0,3
BRDA:42,2,1,1
BRDA:66,3,0,21
BRDA:66,3,1,21
BRDA:66,4,0,0
BRDA:66,4,1,21
BRF:10
BRH:9
end_of_record
TN:
SF:src/components/ColumnNamesPreview.vue
FN:16,(anonymous_0)
FN:22,(anonymous_1)
FN:27,(anonymous_2)
FN:44,render
FN:49,(anonymous_4)
FNF:5
FNH:4
FNDA:2,(anonymous_0)
FNDA:2,(anonymous_1)
FNDA:1,(anonymous_2)
FNDA:3,render
FNDA:0,(anonymous_4)
DA:3,2
DA:6,2
DA:7,2
DA:17,2
DA:23,2
DA:28,1
DA:32,2
DA:33,2
DA:34,2
DA:35,2
DA:36,2
DA:40,2
DA:45,3
DA:49,0
DA:61,2
DA:62,2
LF:16
LH:15
BRDA:49,0,0,3
BRDA:49,0,1,2
BRDA:52,1,0,2
BRDA:52,1,1,1
BRF:4
BRH:4
end_of_record
TN:
SF:src/components/ConfirmationDialog.vue
FN:3,(anonymous_0)
FN:33,render
FN:37,(anonymous_2)
FN:42,(anonymous_3)
FN:44,(anonymous_4)
FN:52,(anonymous_5)
FN:57,(anonymous_6)
FNF:7
FNH:1
FNDA:4,(anonymous_0)
FNDA:0,render
FNDA:0,(anonymous_2)
FNDA:0,(anonymous_3)
FNDA:0,(anonymous_4)
FNDA:0,(anonymous_5)
FNDA:0,(anonymous_6)
DA:3,4
DA:4,4
DA:8,4
DA:11,4
DA:12,4
DA:28,4
DA:29,4
DA:30,4
DA:31,4
DA:32,4
DA:34,0
DA:35,0
DA:37,0
DA:42,0
DA:44,0
DA:52,0
DA:57,0
DA:64,4
DA:65,4
LF:19
LH:12
BRDA:3,0,0,4
BRDA:3,0,1,4
BRDA:3,0,2,4
BRDA:4,1,0,4
BRDA:4,1,1,0
BRDA:4,2,0,4
BRDA:4,2,1,4
BRDA:37,3,0,0
BRDA:37,3,1,0
BRDA:42,4,0,0
BRDA:42,4,1,0
BRDA:52,5,0,0
BRDA:52,5,1,0
BRDA:57,6,0,0
BRDA:57,6,1,0
BRF:15
BRH:6
end_of_record
TN:
SF:src/components/DataPreviewTable.vue
FN:25,(anonymous_0)
FN:30,(anonymous_1)
FN:36,(anonymous_2)
FN:41,(anonymous_3)
FN:43,(anonymous_4)
FN:54,(anonymous_5)
FN:57,(anonymous_6)
FN:59,(anonymous_7)
FN:76,render
FN:82,(anonymous_9)
FN:92,(anonymous_10)
FN:95,(anonymous_11)
FNF:12
FNH:12
FNDA:5,(anonymous_0)
FNDA:5,(anonymous_1)
FNDA:35,(anonymous_2)
FNDA:25,(anonymous_3)
FNDA:175,(anonymous_4)
FNDA:5,(anonymous_5)
FNDA:5,(anonymous_6)
FNDA:35,(anonymous_7)
FNDA:5,render
FNDA:35,(anonymous_9)
FNDA:25,(anonymous_10)
FNDA:175,(anonymous_11)
DA:3,2
DA:6,2
DA:7,2
DA:8,2
DA:26,5
DA:28,5
DA:31,5
DA:33,5
DA:34,5
DA:35,5
DA:36,5
DA:37,35
DA:38,5
DA:41,5
DA:42,25
DA:43,25
DA:44,175
DA:45,25
DA:47,150
DA:50,25
DA:52,5
DA:55,5
DA:58,5
DA:59,5
DA:60,35
DA:65,2
DA:66,2
DA:67,2
DA:68,2
DA:69,2
DA:73,2
DA:74,2
DA:75,2
DA:77,5
DA:83,35
DA:93,25
DA:96,175
DA:108,2
DA:109,2
LF:39
LH:39
BRDA:37,0,0,5
BRDA:37,0,1,30
BRDA:44,1,0,25
BRDA:44,1,1,150
BRDA:59,2,0,5
BRDA:59,2,1,0
BRDA:60,3,0,20
BRDA:60,3,1,15
BRDA:77,4,0,5
BRDA:77,4,1,0
BRDA:97,5,0,35
BRDA:97,5,1,140
BRF:12
BRH:10
end_of_record
TN:
SF:src/components/Dropdown.vue
FN:17,(anonymous_0)
FN:21,(anonymous_1)
FN:32,render
FN:35,(anonymous_3)
FN:37,(anonymous_4)
FNF:5
FNH:0
FNDA:0,(anonymous_0)
FNDA:0,(anonymous_1)
FNDA:0,render
FNDA:0,(anonymous_3)
FNDA:0,(anonymous_4)
DA:3,2
DA:6,2
DA:7,2
DA:18,0
DA:22,0
DA:27,2
DA:28,2
DA:29,2
DA:30,2
DA:31,2
DA:33,0
DA:35,0
DA:38,0
DA:47,2
DA:48,2
LF:15
LH:10
BRDA:35,0,0,0
BRDA:35,0,1,0
BRF:2
BRH:0
end_of_record
TN:
SF:src/components/DropdownArrayInput.vue
FN:3,(anonymous_0)
FN:28,(anonymous_1)
FN:35,(anonymous_2)
FN:40,(anonymous_3)
FN:47,(anonymous_4)
FN:82,render
FN:93,(anonymous_6)
FN:102,(anonymous_7)
FN:107,(anonymous_8)
FN:119,(anonymous_9)
FN:131,(anonymous_10)
FNF:11
FNH:1
FNDA:4,(anonymous_0)
FNDA:0,(anonymous_1)
FNDA:0,(anonymous_2)
FNDA:0,(anonymous_3)
FNDA:0,(anonymous_4)
FNDA:0,render
FNDA:0,(anonymous_6)
FNDA:0,(anonymous_7)
FNDA:0,(anonymous_8)
FNDA:0,(anonymous_9)
FNDA:0,(anonymous_10)
DA:3,4
DA:4,4
DA:8,4
DA:11,4
DA:12,4
DA:13,4
DA:29,0
DA:36,0
DA:37,0
DA:38,0
DA:41,0
DA:42,0
DA:46,4
DA:47,4
DA:48,0
DA:49,0
DA:50,0
DA:51,0
DA:54,0
DA:56,4
DA:57,4
DA:58,4
DA:59,4
DA:60,4
DA:61,4
DA:64,4
DA:68,4
DA:69,4
DA:70,4
DA:74,4
DA:75,4
DA:78,4
DA:79,4
DA:83,0
DA:84,0
DA:93,0
DA:102,0
DA:108,0
DA:120,0
DA:121,0
DA:122,0
DA:124,0
DA:132,0
DA:133,0
DA:134,0
DA:136,0
DA:143,4
DA:144,4
LF:48
LH:24
BRDA:3,0,0,4
BRDA:3,0,1,4
BRDA:3,0,2,4
BRDA:4,1,0,4
BRDA:4,1,1,0
BRDA:4,2,0,4
BRDA:4,2,1,4
BRDA:47,3,0,4
BRDA:47,3,1,4
BRDA:47,3,2,4
BRDA:48,4,0,0
BRDA:48,4,1,0
BRDA:48,5,0,0
BRDA:48,5,1,0
BRDA:49,6,0,0
BRDA:49,6,1,0
BRDA:49,7,0,0
BRDA:49,7,1,0
BRDA:50,8,0,0
BRDA:50,8,1,0
BRDA:54,9,0,0
BRDA:54,9,1,0
BRDA:89,10,0,0
BRDA:89,10,1,0
BRDA:93,11,0,0
BRDA:93,11,1,0
BRDA:102,12,0,0
BRDA:102,12,1,0
BRDA:117,13,0,0
BRDA:117,13,1,0
BRDA:124,14,0,0
BRDA:124,14,1,0
BRDA:129,15,0,0
BRDA:129,15,1,0
BRDA:136,16,0,0
BRDA:136,16,1,0
BRF:36
BRH:9
end_of_record
TN:
SF:src/components/FeedbackMessage.vue
FN:3,(anonymous_0)
FN:22,(anonymous_1)
FN:29,(anonymous_2)
FN:32,(anonymous_3)
FN:37,(anonymous_4)
FN:40,(anonymous_5)
FN:42,(anonymous_6)
FN:46,(anonymous_7)
FN:57,render
FN:65,(anonymous_9)
FN:78,(anonymous_10)
FNF:11
FNH:6
FNDA:5,(anonymous_0)
FNDA:2,(anonymous_1)
FNDA:0,(anonymous_2)
FNDA:0,(anonymous_3)
FNDA:0,(anonymous_4)
FNDA:1,(anonymous_5)
FNDA:0,(anonymous_6)
FNDA:0,(anonymous_7)
FNDA:3,render
FNDA:3,(anonymous_9)
FNDA:3,(anonymous_10)
DA:3,5
DA:4,5
DA:8,5
DA:11,5
DA:12,5
DA:13,5
DA:23,2
DA:30,0
DA:33,0
DA:38,0
DA:41,1
DA:42,1
DA:43,0
DA:47,0
DA:51,5
DA:52,5
DA:53,5
DA:54,5
DA:55,5
DA:56,5
DA:58,3
DA:59,3
DA:65,3
DA:78,3
DA:88,5
DA:89,5
LF:26
LH:21
BRDA:3,0,0,5
BRDA:3,0,1,5
BRDA:3,0,2,5
BRDA:4,1,0,5
BRDA:4,1,1,0
BRDA:4,2,0,5
BRDA:4,2,1,5
BRF:7
BRH:6
end_of_record
TN:
SF:src/components/FileExplorer.vue
FN:3,(anonymous_0)
FN:30,(anonymous_1)
FN:37,(anonymous_2)
FN:39,(anonymous_3)
FN:42,(anonymous_4)
FN:44,(anonymous_5)
FN:47,(anonymous_6)
FN:54,(anonymous_7)
FN:57,(anonymous_8)
FN:63,(anonymous_9)
FN:66,(anonymous_10)
FN:82,(anonymous_11)
FN:91,(anonymous_12)
FN:97,(anonymous_13)
FN:100,(anonymous_14)
FN:104,(anonymous_15)
FN:107,(anonymous_16)
FN:110,(anonymous_17)
FN:126,render
FNF:19
FNH:15
FNDA:2,(anonymous_0)
FNDA:6,(anonymous_1)
FNDA:7,(anonymous_2)
FNDA:0,(anonymous_3)
FNDA:7,(anonymous_4)
FNDA:0,(anonymous_5)
FNDA:6,(anonymous_6)
FNDA:6,(anonymous_7)
FNDA:0,(anonymous_8)
FNDA:6,(anonymous_9)
FNDA:0,(anonymous_10)
FNDA:6,(anonymous_11)
FNDA:6,(anonymous_12)
FNDA:1,(anonymous_13)
FNDA:1,(anonymous_14)
FNDA:2,(anonymous_15)
FNDA:10,(anonymous_16)
FNDA:12,(anonymous_17)
FNDA:9,render
DA:3,2
DA:4,2
DA:8,2
DA:11,2
DA:12,2
DA:13,2
DA:14,2
DA:15,2
DA:31,6
DA:32,6
DA:33,6
DA:34,6
DA:35,6
DA:36,6
DA:37,6
DA:38,7
DA:40,0
DA:42,6
DA:43,7
DA:45,0
DA:47,6
DA:48,6
DA:49,0
DA:50,0
DA:51,0
DA:54,6
DA:56,6
DA:58,0
DA:59,0
DA:60,0
DA:63,6
DA:65,6
DA:67,0
DA:68,0
DA:70,0
DA:72,0
DA:75,6
DA:83,6
DA:92,6
DA:98,1
DA:101,1
DA:102,1
DA:105,2
DA:108,10
DA:111,12
DA:115,2
DA:116,2
DA:117,2
DA:118,2
DA:119,2
DA:120,2
DA:124,2
DA:125,2
DA:127,9
DA:128,9
DA:158,2
DA:159,2
LF:57
LH:45
BRDA:3,0,0,2
BRDA:3,0,1,2
BRDA:3,0,2,2
BRDA:4,1,0,2
BRDA:4,1,1,0
BRDA:4,2,0,2
BRDA:4,2,1,2
BRDA:48,3,0,0
BRDA:48,3,1,6
BRDA:50,4,0,0
BRDA:50,4,1,0
BRDA:56,5,0,0
BRDA:56,5,1,6
BRDA:56,6,0,6
BRDA:56,6,1,6
BRDA:58,7,0,0
BRDA:58,7,1,0
BRDA:65,8,0,0
BRDA:65,8,1,6
BRDA:65,9,0,6
BRDA:65,9,1,6
BRDA:67,10,0,0
BRDA:67,10,1,0
BRDA:111,11,0,4
BRDA:111,11,1,8
BRDA:129,12,0,0
BRDA:129,12,1,9
BRDA:129,13,0,9
BRDA:129,13,1,0
BRDA:140,14,0,0
BRDA:140,14,1,9
BRF:31
BRH:18
end_of_record
TN:
SF:src/components/FileUpload.vue
FN:3,(anonymous_0)
FN:40,(anonymous_1)
FN:47,(anonymous_2)
FN:56,(anonymous_3)
FN:59,(anonymous_4)
FN:68,(anonymous_5)
FN:71,(anonymous_6)
FN:74,(anonymous_7)
FN:79,(anonymous_8)
FN:85,(anonymous_9)
FN:93,(anonymous_10)
FN:99,(anonymous_11)
FN:128,render
FN:138,(anonymous_13)
FN:145,(anonymous_14)
FN:146,(anonymous_15)
FN:152,(anonymous_16)
FN:153,(anonymous_17)
FN:154,(anonymous_18)
FN:158,(anonymous_19)
FN:184,(anonymous_20)
FN:199,(anonymous_21)
FNF:22
FNH:12
FNDA:2,(anonymous_0)
FNDA:0,(anonymous_1)
FNDA:7,(anonymous_2)
FNDA:1,(anonymous_3)
FNDA:3,(anonymous_4)
FNDA:5,(anonymous_5)
FNDA:1,(anonymous_6)
FNDA:3,(anonymous_7)
FNDA:1,(anonymous_8)
FNDA:1,(anonymous_9)
FNDA:0,(anonymous_10)
FNDA:3,(anonymous_11)
FNDA:13,render
FNDA:0,(anonymous_13)
FNDA:0,(anonymous_14)
FNDA:0,(anonymous_15)
FNDA:0,(anonymous_16)
FNDA:0,(anonymous_17)
FNDA:0,(anonymous_18)
FNDA:3,(anonymous_19)
FNDA:0,(anonymous_20)
FNDA:0,(anonymous_21)
DA:3,2
DA:4,2
DA:8,2
DA:11,2
DA:12,2
DA:13,2
DA:14,2
DA:15,2
DA:41,0
DA:42,0
DA:43,0
DA:48,7
DA:57,1
DA:60,3
DA:61,3
DA:62,1
DA:63,1
DA:65,2
DA:69,5
DA:72,1
DA:75,3
DA:76,3
DA:77,2
DA:78,2
DA:79,2
DA:80,1
DA:81,1
DA:86,1
DA:87,1
DA:90,1
DA:94,0
DA:98,2
DA:99,2
DA:100,3
DA:101,3
DA:102,0
DA:103,0
DA:106,3
DA:108,2
DA:109,2
DA:110,2
DA:111,2
DA:112,2
DA:113,2
DA:114,2
DA:115,2
DA:116,2
DA:120,2
DA:121,2
DA:122,2
DA:123,2
DA:124,2
DA:127,2
DA:129,13
DA:130,13
DA:139,0
DA:140,0
DA:141,0
DA:143,0
DA:145,0
DA:146,0
DA:152,0
DA:153,0
DA:154,0
DA:159,3
DA:160,3
DA:161,3
DA:163,3
DA:185,0
DA:186,0
DA:187,0
DA:189,0
DA:200,0
DA:201,0
DA:202,0
DA:204,0
DA:216,2
DA:217,2
LF:78
LH:55
BRDA:3,0,0,2
BRDA:3,0,1,2
BRDA:3,0,2,2
BRDA:4,1,0,2
BRDA:4,1,1,0
BRDA:4,2,0,2
BRDA:4,2,1,2
BRDA:41,3,0,0
BRDA:41,3,1,0
BRDA:61,4,0,1
BRDA:61,4,1,2
BRDA:61,5,0,3
BRDA:61,5,1,3
BRDA:61,5,2,2
BRDA:69,6,0,0
BRDA:69,6,1,5
BRDA:72,7,0,1
BRDA:72,7,1,0
BRDA:72,8,0,1
BRDA:72,8,1,1
BRDA:76,9,0,2
BRDA:76,9,1,1
BRDA:76,10,0,3
BRDA:76,10,1,2
BRDA:99,11,0,2
BRDA:99,11,1,2
BRDA:99,11,2,2
BRDA:100,12,0,3
BRDA:100,12,1,0
BRDA:100,13,0,3
BRDA:100,13,1,0
BRDA:101,14,0,0
BRDA:101,14,1,3
BRDA:101,15,0,3
BRDA:101,15,1,3
BRDA:102,16,0,0
BRDA:102,16,1,0
BRDA:106,17,0,3
BRDA:106,17,1,3
BRDA:132,18,0,11
BRDA:132,18,1,2
BRDA:136,19,0,11
BRDA:136,19,1,7
BRDA:143,20,0,0
BRDA:143,20,1,0
BRDA:145,21,0,11
BRDA:145,21,1,7
BRDA:146,22,0,11
BRDA:146,22,1,7
BRDA:152,23,0,11
BRDA:152,23,1,7
BRDA:153,24,0,11
BRDA:153,24,1,7
BRDA:154,25,0,11
BRDA:154,25,1,7
BRDA:156,26,0,11
BRDA:156,26,1,7
BRDA:163,27,0,3
BRDA:163,27,1,3
BRDA:173,28,0,5
BRDA:173,28,1,8
BRDA:173,29,0,13
BRDA:173,29,1,5
BRDA:176,30,0,2
BRDA:176,30,1,3
BRDA:178,31,0,3
BRDA:178,31,1,2
BRDA:182,32,0,3
BRDA:182,32,1,3
BRDA:189,33,0,0
BRDA:189,33,1,0
BRDA:193,34,0,3
BRDA:193,34,1,2
BRDA:197,35,0,3
BRDA:197,35,1,3
BRDA:204,36,0,0
BRDA:204,36,1,0
BRF:77
BRH:61
end_of_record
TN:
SF:src/components/FolderInput.vue
FN:9,(anonymous_0)
FN:16,(anonymous_1)
FN:20,(anonymous_2)
FN:26,(anonymous_3)
FN:47,render
FN:53,(anonymous_5)
FN:60,(anonymous_6)
FN:65,(anonymous_7)
FNF:8
FNH:0
FNDA:0,(anonymous_0)
FNDA:0,(anonymous_1)
FNDA:0,(anonymous_2)
FNDA:0,(anonymous_3)
FNDA:0,render
FNDA:0,(anonymous_5)
FNDA:0,(anonymous_6)
FNDA:0,(anonymous_7)
DA:3,1
DA:6,1
DA:7,1
DA:10,0
DA:25,1
DA:26,1
DA:27,0
DA:28,0
DA:29,0
DA:30,0
DA:33,0
DA:35,1
DA:36,1
DA:37,1
DA:38,1
DA:39,1
DA:40,1
DA:43,1
DA:44,1
DA:48,0
DA:53,0
DA:60,0
DA:65,0
DA:69,1
DA:70,1
LF:25
LH:15
BRDA:26,0,0,1
BRDA:26,0,1,1
BRDA:26,0,2,1
BRDA:27,1,0,0
BRDA:27,1,1,0
BRDA:27,2,0,0
BRDA:27,2,1,0
BRDA:28,3,0,0
BRDA:28,3,1,0
BRDA:28,4,0,0
BRDA:28,4,1,0
BRDA:29,5,0,0
BRDA:29,5,1,0
BRDA:33,6,0,0
BRDA:33,6,1,0
BRDA:53,7,0,0
BRDA:53,7,1,0
BRDA:60,8,0,0
BRDA:60,8,1,0
BRDA:65,9,0,0
BRDA:65,9,1,0
BRF:21
BRH:3
end_of_record
TN:
SF:src/components/InlineRowEdit.vue
FN:3,(anonymous_0)
FN:59,(anonymous_1)
FN:63,(anonymous_2)
FN:88,render
FN:102,(anonymous_4)
FN:116,(anonymous_5)
FN:123,(anonymous_6)
FN:130,(anonymous_7)
FN:138,(anonymous_8)
FN:147,(anonymous_9)
FNF:10
FNH:4
FNDA:16,(anonymous_0)
FNDA:0,(anonymous_1)
FNDA:6,(anonymous_2)
FNDA:6,render
FNDA:36,(anonymous_4)
FNDA:0,(anonymous_5)
FNDA:0,(anonymous_6)
FNDA:0,(anonymous_7)
FNDA:0,(anonymous_8)
FNDA:0,(anonymous_9)
DA:3,4
DA:4,16
DA:8,4
DA:11,4
DA:12,4
DA:13,4
DA:14,4
DA:15,4
DA:16,4
DA:60,0
DA:64,6
DA:71,4
DA:72,4
DA:73,4
DA:74,4
DA:75,4
DA:76,4
DA:77,4
DA:78,4
DA:79,4
DA:80,4
DA:81,4
DA:82,4
DA:83,4
DA:87,4
DA:89,6
DA:90,6
DA:91,6
DA:92,6
DA:93,6
DA:103,36
DA:116,0
DA:123,0
DA:130,0
DA:138,0
DA:147,0
DA:158,4
DA:159,4
LF:38
LH:32
BRDA:3,0,0,4
BRDA:3,0,1,4
BRDA:3,0,2,4
BRDA:4,1,0,16
BRDA:4,1,1,0
BRDA:4,2,0,16
BRDA:4,2,1,16
BRDA:104,3,0,0
BRDA:104,3,1,36
BRDA:108,4,0,0
BRDA:108,4,1,36
BRDA:110,5,0,6
BRDA:110,5,1,30
BRDA:112,6,0,0
BRDA:112,6,1,6
BRDA:126,7,0,0
BRDA:126,7,1,30
BRDA:133,8,0,6
BRDA:133,8,1,24
BRF:19
BRH:14
end_of_record
TN:
SF:src/components/KeyValueInput.vue
FN:3,(anonymous_0)
FN:24,(anonymous_1)
FN:33,(anonymous_2)
FN:41,(anonymous_3)
FN:46,(anonymous_4)
FN:54,(anonymous_5)
FN:86,render
FN:89,(anonymous_7)
FN:92,(anonymous_8)
FN:96,(anonymous_9)
FN:107,(anonymous_10)
FN:116,(anonymous_11)
FN:123,(anonymous_12)
FN:133,(anonymous_13)
FN:145,(anonymous_14)
FNF:15
FNH:15
FNDA:5,(anonymous_0)
FNDA:4,(anonymous_1)
FNDA:1,(anonymous_2)
FNDA:1,(anonymous_3)
FNDA:1,(anonymous_4)
FNDA:63,(anonymous_5)
FNDA:14,render
FNDA:42,(anonymous_7)
FNDA:42,(anonymous_8)
FNDA:1,(anonymous_9)
FNDA:1,(anonymous_10)
FNDA:2,(anonymous_11)
FNDA:2,(anonymous_12)
FNDA:1,(anonymous_13)
FNDA:1,(anonymous_14)
DA:3,5
DA:4,5
DA:8,5
DA:11,5
DA:12,5
DA:13,5
DA:25,4
DA:34,1
DA:35,1
DA:36,1
DA:37,1
DA:38,1
DA:39,1
DA:42,1
DA:43,1
DA:44,1
DA:47,1
DA:48,1
DA:49,1
DA:53,5
DA:54,5
DA:55,63
DA:56,63
DA:57,0
DA:58,0
DA:61,63
DA:63,5
DA:64,5
DA:65,5
DA:66,5
DA:67,5
DA:68,5
DA:71,5
DA:72,5
DA:73,5
DA:76,5
DA:77,5
DA:78,5
DA:79,5
DA:82,5
DA:83,5
DA:87,14
DA:88,14
DA:90,42
DA:92,42
DA:96,1
DA:107,1
DA:116,2
DA:123,2
DA:134,1
DA:135,1
DA:136,1
DA:138,1
DA:146,1
DA:147,1
DA:148,1
DA:150,1
DA:157,5
DA:158,5
LF:59
LH:57
BRDA:3,0,0,5
BRDA:3,0,1,5
BRDA:3,0,2,5
BRDA:4,1,0,5
BRDA:4,1,1,0
BRDA:4,2,0,5
BRDA:4,2,1,5
BRDA:54,3,0,5
BRDA:54,3,1,5
BRDA:54,3,2,5
BRDA:55,4,0,63
BRDA:55,4,1,0
BRDA:55,5,0,63
BRDA:55,5,1,0
BRDA:56,6,0,0
BRDA:56,6,1,63
BRDA:56,7,0,63
BRDA:56,7,1,63
BRDA:57,8,0,0
BRDA:57,8,1,0
BRDA:61,9,0,63
BRDA:61,9,1,63
BRDA:103,10,0,7
BRDA:103,10,1,7
BRDA:107,11,0,7
BRDA:107,11,1,4
BRDA:116,12,0,7
BRDA:116,12,1,3
BRDA:123,13,0,7
BRDA:123,13,1,3
BRDA:131,14,0,7
BRDA:131,14,1,3
BRDA:138,15,0,1
BRDA:138,15,1,1
BRDA:143,16,0,7
BRDA:143,16,1,3
BRDA:150,17,0,1
BRDA:150,17,1,1
BRF:38
BRH:32
end_of_record
TN:
SF:src/components/ListGroup.vue
FN:27,(anonymous_0)
FN:35,(anonymous_1)
FN:41,(anonymous_2)
FN:44,(anonymous_3)
FN:49,(anonymous_4)
FN:56,(anonymous_5)
FN:76,render
FN:78,(anonymous_7)
FN:84,(anonymous_8)
FNF:9
FNH:0
FNDA:0,(anonymous_0)
FNDA:0,(anonymous_1)
FNDA:0,(anonymous_2)
FNDA:0,(anonymous_3)
FNDA:0,(anonymous_4)
FNDA:0,(anonymous_5)
FNDA:0,render
FNDA:0,(anonymous_7)
FNDA:0,(anonymous_8)
DA:3,2
DA:6,2
DA:7,2
DA:28,0
DA:36,0
DA:42,0
DA:45,0
DA:50,0
DA:51,0
DA:53,0
DA:58,0
DA:59,0
DA:61,0
DA:66,2
DA:67,2
DA:68,2
DA:69,2
DA:70,2
DA:71,2
DA:72,2
DA:77,0
DA:79,0
DA:84,0
DA:105,2
DA:106,2
LF:25
LH:12
BRDA:50,0,0,0
BRDA:50,0,1,0
BRDA:58,1,0,0
BRDA:58,1,1,0
BRDA:81,2,0,0
BRDA:81,2,1,0
BRDA:87,3,0,0
BRDA:87,3,1,0
BRDA:87,4,0,0
BRDA:87,4,1,0
BRDA:97,5,0,0
BRDA:97,5,1,0
BRF:12
BRH:0
end_of_record
TN:
SF:src/components/LoadingSpinner.vue
FN:15,(anonymous_0)
FN:18,(anonymous_1)
FN:23,(anonymous_2)
FN:36,render
FNF:4
FNH:4
FNDA:1,(anonymous_0)
FNDA:1,(anonymous_1)
FNDA:1,(anonymous_2)
FNDA:1,render
DA:3,6
DA:6,6
DA:16,1
DA:19,1
DA:24,1
DA:31,6
DA:32,6
DA:33,6
DA:34,6
DA:35,6
DA:37,1
DA:50,6
DA:51,6
LF:13
LH:13
BRF:0
BRH:0
end_of_record
TN:
SF:src/components/Navbar.vue
FN:51,render
FN:74,(anonymous_1)
FN:81,(anonymous_2)
FNF:3
FNH:1
FNDA:1,render
FNDA:0,(anonymous_1)
FNDA:0,(anonymous_2)
DA:3,1
DA:6,1
DA:7,1
DA:16,1
DA:17,1
DA:18,1
DA:19,1
DA:20,1
DA:21,1
DA:22,1
DA:26,1
DA:32,1
DA:33,1
DA:34,1
DA:45,1
DA:46,1
DA:47,1
DA:52,1
DA:53,1
DA:74,0
DA:81,0
DA:92,1
DA:93,1
LF:23
LH:21
BRDA:69,0,0,1
BRDA:69,0,1,0
BRDA:74,1,0,1
BRDA:74,1,1,1
BRDA:76,2,0,0
BRDA:76,2,1,0
BRF:6
BRH:3
end_of_record
TN:
SF:src/components/ProfileStatus.vue
FN:3,(anonymous_0)
FN:42,render
FNF:2
FNH:1
FNDA:1,(anonymous_0)
FNDA:0,render
DA:3,1
DA:4,1
DA:8,1
DA:11,1
DA:12,1
DA:13,1
DA:33,1
DA:34,1
DA:35,1
DA:36,1
DA:37,1
DA:38,1
DA:43,0
DA:44,0
DA:63,1
DA:64,1
LF:16
LH:14
BRDA:3,0,0,1
BRDA:3,0,1,1
BRDA:3,0,2,1
BRDA:4,1,0,1
BRDA:4,1,1,0
BRDA:4,2,0,1
BRDA:4,2,1,1
BRDA:49,3,0,0
BRDA:49,3,1,0
BRF:9
BRH:6
end_of_record
TN:
SF:src/components/RemoteFile.vue
FN:3,(anonymous_0)
FN:4,adopt
FN:5,(anonymous_2)
FN:9,(anonymous_3)
FN:10,fulfilled
FN:17,rejected
FN:24,step
FN:30,(anonymous_7)
FN:33,(anonymous_8)
FN:48,(anonymous_9)
FN:51,verb
FN:52,(anonymous_11)
FN:56,step
FN:118,(anonymous_13)
FN:140,(anonymous_14)
FN:151,resetStates
FN:159,(anonymous_16)
FN:161,(anonymous_17)
FN:165,(anonymous_18)
FN:169,fetchFile
FN:170,(anonymous_20)
FN:172,(anonymous_21)
FN:213,filteredLines
FN:222,(anonymous_23)
FN:230,setFocusOnLine
FN:240,navigate
FN:268,(anonymous_26)
FN:271,(anonymous_27)
FN:289,(anonymous_28)
FN:358,render
FN:383,(anonymous_30)
FN:394,(anonymous_31)
FN:404,(anonymous_32)
FN:411,(anonymous_33)
FN:414,(anonymous_34)
FN:434,(anonymous_35)
FN:444,(anonymous_36)
FN:450,(anonymous_37)
FN:456,(anonymous_38)
FN:462,(anonymous_39)
FN:480,(anonymous_40)
FNF:41
FNH:22
FNDA:2,(anonymous_0)
FNDA:2,adopt
FNDA:0,(anonymous_2)
FNDA:2,(anonymous_3)
FNDA:2,fulfilled
FNDA:0,rejected
FNDA:4,step
FNDA:2,(anonymous_7)
FNDA:2,(anonymous_8)
FNDA:0,(anonymous_9)
FNDA:6,verb
FNDA:4,(anonymous_11)
FNDA:4,step
FNDA:2,(anonymous_13)
FNDA:2,(anonymous_14)
FNDA:2,resetStates
FNDA:2,(anonymous_16)
FNDA:0,(anonymous_17)
FNDA:0,(anonymous_18)
FNDA:2,fetchFile
FNDA:2,(anonymous_20)
FNDA:6,(anonymous_21)
FNDA:0,filteredLines
FNDA:60,(anonymous_23)
FNDA:0,setFocusOnLine
FNDA:0,navigate
FNDA:0,(anonymous_26)
FNDA:0,(anonymous_27)
FNDA:10,(anonymous_28)
FNDA:4,render
FNDA:0,(anonymous_30)
FNDA:0,(anonymous_31)
FNDA:0,(anonymous_32)
FNDA:0,(anonymous_33)
FNDA:14,(anonymous_34)
FNDA:0,(anonymous_35)
FNDA:0,(anonymous_36)
FNDA:0,(anonymous_37)
FNDA:0,(anonymous_38)
FNDA:0,(anonymous_39)
FNDA:60,(anonymous_40)
DA:3,1
DA:5,2
DA:6,0
DA:9,2
DA:11,2
DA:12,2
DA:14,0
DA:18,0
DA:19,0
DA:21,0
DA:25,4
DA:27,2
DA:30,1
DA:31,2
DA:34,2
DA:35,2
DA:44,2
DA:49,0
DA:52,6
DA:53,4
DA:57,4
DA:58,12
DA:59,12
DA:60,12
DA:61,12
DA:64,4
DA:65,4
DA:67,2
DA:68,2
DA:73,0
DA:74,0
DA:75,0
DA:76,0
DA:78,0
DA:79,0
DA:80,0
DA:82,6
DA:83,2
DA:84,2
DA:86,4
DA:87,2
DA:88,2
DA:90,2
DA:91,0
DA:92,0
DA:93,0
DA:95,2
DA:96,0
DA:97,0
DA:98,0
DA:100,2
DA:101,2
DA:102,2
DA:104,6
DA:106,0
DA:107,0
DA:109,12
DA:111,2
DA:112,2
DA:118,1
DA:119,2
DA:123,1
DA:126,1
DA:127,1
DA:128,1
DA:129,1
DA:130,1
DA:131,1
DA:132,1
DA:141,2
DA:142,2
DA:143,2
DA:144,2
DA:145,2
DA:146,2
DA:147,2
DA:148,2
DA:149,2
DA:150,2
DA:152,2
DA:153,2
DA:154,2
DA:155,2
DA:156,2
DA:159,2
DA:160,2
DA:162,0
DA:165,2
DA:166,0
DA:167,0
DA:170,2
DA:172,2
DA:173,6
DA:175,2
DA:176,2
DA:177,2
DA:178,2
DA:179,0
DA:180,0
DA:182,2
DA:183,2
DA:185,2
DA:186,2
DA:188,2
DA:189,2
DA:191,2
DA:192,2
DA:193,2
DA:195,0
DA:197,2
DA:198,2
DA:199,2
DA:201,0
DA:202,0
DA:203,0
DA:205,2
DA:210,2
DA:212,2
DA:215,0
DA:216,0
DA:217,0
DA:219,0
DA:222,2
DA:223,60
DA:231,0
DA:232,0
DA:233,0
DA:234,0
DA:235,0
DA:236,0
DA:237,0
DA:241,0
DA:242,0
DA:243,0
DA:244,0
DA:245,0
DA:246,0
DA:247,0
DA:249,0
DA:250,0
DA:251,0
DA:252,0
DA:254,0
DA:255,0
DA:257,2
DA:269,0
DA:272,0
DA:281,2
DA:285,2
DA:289,1
DA:290,10
DA:291,10
DA:292,0
DA:293,0
DA:296,10
DA:298,1
DA:299,1
DA:300,1
DA:301,1
DA:302,1
DA:303,1
DA:304,1
DA:305,1
DA:306,1
DA:307,1
DA:308,1
DA:309,1
DA:310,1
DA:311,1
DA:312,1
DA:313,1
DA:314,1
DA:320,1
DA:321,1
DA:322,1
DA:325,1
DA:326,1
DA:327,1
DA:330,1
DA:331,1
DA:332,1
DA:335,1
DA:336,1
DA:337,1
DA:340,1
DA:341,1
DA:342,1
DA:346,1
DA:350,1
DA:351,1
DA:354,1
DA:355,1
DA:356,1
DA:357,1
DA:359,4
DA:383,0
DA:394,0
DA:404,0
DA:411,0
DA:415,14
DA:434,0
DA:444,0
DA:450,0
DA:456,0
DA:462,0
DA:481,60
DA:498,1
DA:499,1
LF:208
LH:141
BRDA:3,0,0,1
BRDA:3,0,1,1
BRDA:3,0,2,1
BRDA:5,1,0,2
BRDA:5,1,1,0
BRDA:9,2,0,2
BRDA:9,2,1,2
BRDA:25,3,0,2
BRDA:25,3,1,2
BRDA:27,4,0,2
BRDA:27,4,1,2
BRDA:30,5,0,1
BRDA:30,5,1,1
BRDA:30,5,2,1
BRDA:34,6,0,0
BRDA:34,6,1,2
BRDA:48,7,0,2
BRDA:48,7,1,2
BRDA:57,8,0,0
BRDA:57,8,1,4
BRDA:58,9,0,14
BRDA:58,9,1,2
BRDA:58,10,0,2
BRDA:58,10,1,0
BRDA:59,11,0,0
BRDA:59,11,1,12
BRDA:59,12,0,12
BRDA:59,12,1,0
BRDA:59,12,2,0
BRDA:59,13,0,0
BRDA:59,13,1,0
BRDA:59,14,0,0
BRDA:59,14,1,0
BRDA:59,15,0,0
BRDA:59,15,1,0
BRDA:59,16,0,0
BRDA:59,16,1,0
BRDA:60,17,0,0
BRDA:60,17,1,12
BRDA:61,18,0,4
BRDA:61,18,1,4
BRDA:61,18,2,2
BRDA:61,18,3,0
BRDA:61,18,4,0
BRDA:61,18,5,6
BRDA:82,19,0,2
BRDA:82,19,1,4
BRDA:82,20,0,6
BRDA:82,20,1,4
BRDA:82,20,2,4
BRDA:82,21,0,6
BRDA:82,21,1,2
BRDA:86,22,0,2
BRDA:86,22,1,2
BRDA:86,23,0,4
BRDA:86,23,1,4
BRDA:86,23,2,2
BRDA:86,23,3,2
BRDA:90,24,0,0
BRDA:90,24,1,2
BRDA:90,25,0,2
BRDA:90,25,1,0
BRDA:95,26,0,0
BRDA:95,26,1,2
BRDA:95,27,0,2
BRDA:95,27,1,2
BRDA:100,28,0,0
BRDA:100,28,1,2
BRDA:111,29,0,0
BRDA:111,29,1,2
BRDA:113,30,0,2
BRDA:113,30,1,0
BRDA:118,31,0,1
BRDA:118,31,1,1
BRDA:118,31,2,1
BRDA:119,32,0,2
BRDA:119,32,1,0
BRDA:119,33,0,2
BRDA:119,33,1,2
BRDA:173,34,0,2
BRDA:173,34,1,2
BRDA:173,34,2,2
BRDA:173,34,3,0
BRDA:173,34,4,2
BRDA:178,35,0,0
BRDA:178,35,1,2
BRDA:182,36,0,2
BRDA:182,36,1,0
BRDA:193,37,0,0
BRDA:193,37,1,2
BRDA:217,38,0,0
BRDA:217,38,1,0
BRDA:223,39,0,60
BRDA:223,39,1,0
BRDA:232,40,0,0
BRDA:232,40,1,0
BRDA:233,41,0,0
BRDA:233,41,1,0
BRDA:234,42,0,0
BRDA:234,42,1,0
BRDA:235,43,0,0
BRDA:235,43,1,0
BRDA:242,44,0,0
BRDA:242,44,1,0
BRDA:244,45,0,0
BRDA:244,45,1,0
BRDA:246,46,0,0
BRDA:246,46,1,0
BRDA:249,47,0,0
BRDA:249,47,1,0
BRDA:251,48,0,0
BRDA:251,48,1,0
BRDA:289,49,0,1
BRDA:289,49,1,1
BRDA:289,49,2,1
BRDA:290,50,0,10
BRDA:290,50,1,0
BRDA:290,51,0,10
BRDA:290,51,1,0
BRDA:291,52,0,0
BRDA:291,52,1,10
BRDA:291,53,0,10
BRDA:291,53,1,10
BRDA:292,54,0,0
BRDA:292,54,1,0
BRDA:296,55,0,10
BRDA:296,55,1,10
BRDA:359,56,0,2
BRDA:359,56,1,2
BRDA:383,57,0,2
BRDA:383,57,1,2
BRDA:394,58,0,2
BRDA:394,58,1,2
BRDA:404,59,0,2
BRDA:404,59,1,2
BRDA:411,60,0,2
BRDA:411,60,1,2
BRDA:434,61,0,2
BRDA:434,61,1,2
BRDA:438,62,0,2
BRDA:438,62,1,0
BRDA:438,63,0,2
BRDA:438,63,1,0
BRDA:438,63,2,0
BRDA:444,64,0,2
BRDA:444,64,1,2
BRDA:450,65,0,2
BRDA:450,65,1,2
BRDA:456,66,0,2
BRDA:456,66,1,2
BRDA:462,67,0,2
BRDA:462,67,1,2
BRDA:470,68,0,0
BRDA:470,68,1,2
BRF:154
BRH:95
end_of_record
TN:
SF:src/components/SearchBar.vue
FN:14,(anonymous_0)
FN:26,render
FN:34,(anonymous_2)
FNF:3
FNH:3
FNDA:1,(anonymous_0)
FNDA:2,render
FNDA:1,(anonymous_2)
DA:3,7
DA:6,7
DA:7,7
DA:15,1
DA:19,7
DA:20,7
DA:21,7
DA:22,7
DA:23,7
DA:24,7
DA:25,7
DA:27,2
DA:34,1
DA:38,7
DA:39,7
LF:15
LH:15
BRDA:34,0,0,2
BRDA:34,0,1,2
BRF:2
BRH:2
end_of_record
TN:
SF:src/components/StringArrayInput.vue
FN:3,(anonymous_0)
FN:25,(anonymous_1)
FN:32,(anonymous_2)
FN:39,(anonymous_3)
FN:46,(anonymous_4)
FN:80,render
FN:86,(anonymous_6)
FN:92,(anonymous_7)
FN:99,(anonymous_8)
FN:108,(anonymous_9)
FN:120,(anonymous_10)
FNF:11
FNH:10
FNDA:5,(anonymous_0)
FNDA:9,(anonymous_1)
FNDA:1,(anonymous_2)
FNDA:1,(anonymous_3)
FNDA:21,(anonymous_4)
FNDA:16,render
FNDA:0,(anonymous_6)
FNDA:1,(anonymous_7)
FNDA:2,(anonymous_8)
FNDA:1,(anonymous_9)
FNDA:1,(anonymous_10)
DA:3,5
DA:4,5
DA:8,5
DA:11,5
DA:12,5
DA:13,5
DA:26,9
DA:33,1
DA:34,1
DA:35,1
DA:36,1
DA:37,1
DA:40,1
DA:41,1
DA:45,5
DA:46,5
DA:47,21
DA:48,21
DA:49,0
DA:50,0
DA:53,21
DA:55,5
DA:56,5
DA:57,5
DA:58,5
DA:59,5
DA:60,5
DA:63,5
DA:67,5
DA:72,5
DA:73,5
DA:76,5
DA:77,5
DA:81,16
DA:82,16
DA:86,0
DA:92,1
DA:99,2
DA:109,1
DA:110,1
DA:111,1
DA:113,1
DA:121,1
DA:122,1
DA:123,1
DA:125,1
DA:132,5
DA:133,5
LF:48
LH:45
BRDA:3,0,0,5
BRDA:3,0,1,5
BRDA:3,0,2,5
BRDA:4,1,0,5
BRDA:4,1,1,0
BRDA:4,2,0,5
BRDA:4,2,1,5
BRDA:46,3,0,5
BRDA:46,3,1,5
BRDA:46,3,2,5
BRDA:47,4,0,21
BRDA:47,4,1,0
BRDA:47,5,0,21
BRDA:47,5,1,0
BRDA:48,6,0,0
BRDA:48,6,1,21
BRDA:48,7,0,21
BRDA:48,7,1,21
BRDA:49,8,0,0
BRDA:49,8,1,0
BRDA:53,9,0,21
BRDA:53,9,1,21
BRDA:86,10,0,16
BRDA:86,10,1,9
BRDA:88,11,0,11
BRDA:88,11,1,5
BRDA:92,12,0,11
BRDA:92,12,1,9
BRDA:99,13,0,5
BRDA:99,13,1,3
BRDA:106,14,0,5
BRDA:106,14,1,3
BRDA:113,15,0,1
BRDA:113,15,1,1
BRDA:118,16,0,5
BRDA:118,16,1,3
BRDA:125,17,0,1
BRDA:125,17,1,1
BRF:38
BRH:32
end_of_record
TN:
SF:src/components/Table.vue
FN:3,(anonymous_0)
FN:48,(anonymous_1)
FN:49,(anonymous_2)
FN:55,(anonymous_3)
FN:56,(anonymous_4)
FN:72,render
FN:78,(anonymous_6)
FN:88,(anonymous_7)
FN:98,(anonymous_8)
FN:108,(anonymous_9)
FN:123,(anonymous_10)
FN:132,(anonymous_11)
FNF:12
FNH:10
FNDA:4,(anonymous_0)
FNDA:2,(anonymous_1)
FNDA:10,(anonymous_2)
FNDA:12,(anonymous_3)
FNDA:40,(anonymous_4)
FNDA:2,render
FNDA:10,(anonymous_6)
FNDA:6,(anonymous_7)
FNDA:30,(anonymous_8)
FNDA:0,(anonymous_9)
FNDA:0,(anonymous_10)
FNDA:6,(anonymous_11)
DA:3,4
DA:4,4
DA:8,4
DA:11,4
DA:12,4
DA:13,4
DA:14,4
DA:49,2
DA:50,10
DA:56,12
DA:57,40
DA:62,4
DA:63,4
DA:64,4
DA:65,4
DA:66,4
DA:67,4
DA:68,4
DA:69,4
DA:70,4
DA:71,4
DA:73,2
DA:74,2
DA:79,10
DA:89,6
DA:99,30
DA:108,0
DA:123,0
DA:132,6
DA:149,4
DA:150,4
LF:31
LH:29
BRDA:3,0,0,4
BRDA:3,0,1,4
BRDA:3,0,2,4
BRDA:4,1,0,4
BRDA:4,1,1,0
BRDA:4,2,0,4
BRDA:4,2,1,4
BRDA:90,3,0,6
BRDA:90,3,1,0
BRDA:94,4,0,0
BRDA:94,4,1,6
BRDA:103,5,0,0
BRDA:103,5,1,30
BRDA:112,6,0,6
BRDA:112,6,1,24
BRDA:118,7,0,0
BRDA:118,7,1,24
BRDA:127,8,0,6
BRDA:127,8,1,18
BRF:19
BRH:14
end_of_record
TN:
SF:src/components/VariableSelector.vue
FN:3,(anonymous_0)
FN:29,(anonymous_1)
FN:36,(anonymous_2)
FN:44,(anonymous_3)
FN:48,(anonymous_4)
FN:80,render
FN:89,(anonymous_6)
FN:92,(anonymous_7)
FN:99,(anonymous_8)
FN:111,(anonymous_9)
FNF:10
FNH:8
FNDA:3,(anonymous_0)
FNDA:3,(anonymous_1)
FNDA:3,(anonymous_2)
FNDA:7,(anonymous_3)
FNDA:10,(anonymous_4)
FNDA:6,render
FNDA:0,(anonymous_6)
FNDA:27,(anonymous_7)
FNDA:0,(anonymous_8)
FNDA:8,(anonymous_9)
DA:3,3
DA:4,3
DA:8,3
DA:11,3
DA:12,3
DA:13,3
DA:14,3
DA:30,3
DA:37,3
DA:38,1
DA:39,1
DA:41,2
DA:45,7
DA:46,7
DA:47,7
DA:48,2
DA:49,10
DA:52,7
DA:56,3
DA:57,3
DA:58,3
DA:59,3
DA:60,3
DA:61,3
DA:62,3
DA:63,3
DA:64,3
DA:65,3
DA:66,3
DA:67,3
DA:71,3
DA:72,3
DA:73,3
DA:78,3
DA:79,3
DA:81,6
DA:82,6
DA:89,0
DA:93,27
DA:99,0
DA:112,8
DA:119,3
DA:120,3
LF:43
LH:41
BRDA:3,0,0,3
BRDA:3,0,1,3
BRDA:3,0,2,3
BRDA:4,1,0,3
BRDA:4,1,1,0
BRDA:4,2,0,3
BRDA:4,2,1,3
BRDA:37,3,0,1
BRDA:37,3,1,2
BRDA:47,4,0,2
BRDA:47,4,1,5
BRDA:89,5,0,6
BRDA:89,5,1,3
BRF:13
BRH:12
end_of_record
TN:
SF:src/components/ViewEditor.vue
FN:3,(anonymous_0)
FN:4,adopt
FN:5,(anonymous_2)
FN:9,(anonymous_3)
FN:10,fulfilled
FN:17,rejected
FN:24,step
FN:30,(anonymous_7)
FN:33,(anonymous_8)
FN:48,(anonymous_9)
FN:51,verb
FN:52,(anonymous_11)
FN:56,step
FN:118,(anonymous_13)
FN:153,(anonymous_14)
FN:157,(anonymous_15)
FN:162,(anonymous_16)
FN:166,(anonymous_17)
FN:167,(anonymous_18)
FN:169,(anonymous_19)
FN:173,(anonymous_20)
FN:184,(anonymous_21)
FN:187,(anonymous_22)
FN:188,(anonymous_23)
FN:189,(anonymous_24)
FN:193,(anonymous_25)
FN:195,(anonymous_26)
FN:214,(anonymous_27)
FN:227,(anonymous_28)
FN:228,(anonymous_29)
FN:230,(anonymous_30)
FN:233,(anonymous_31)
FN:235,(anonymous_32)
FN:245,(anonymous_33)
FN:246,(anonymous_34)
FN:248,(anonymous_35)
FN:252,(anonymous_36)
FN:254,(anonymous_37)
FN:264,(anonymous_38)
FN:267,(anonymous_39)
FN:270,(anonymous_40)
FN:273,(anonymous_41)
FN:278,(anonymous_42)
FN:282,(anonymous_43)
FN:285,(anonymous_44)
FN:290,(anonymous_45)
FN:293,(anonymous_46)
FN:297,(anonymous_47)
FN:361,render
FN:378,(anonymous_49)
FN:384,(anonymous_50)
FN:398,(anonymous_51)
FN:418,(anonymous_52)
FN:455,(anonymous_53)
FN:461,(anonymous_54)
FN:473,(anonymous_55)
FN:486,(anonymous_56)
FN:499,(anonymous_57)
FNF:58
FNH:27
FNDA:4,(anonymous_0)
FNDA:2,adopt
FNDA:0,(anonymous_2)
FNDA:4,(anonymous_3)
FNDA:2,fulfilled
FNDA:0,rejected
FNDA:6,step
FNDA:4,(anonymous_7)
FNDA:2,(anonymous_8)
FNDA:0,(anonymous_9)
FNDA:12,verb
FNDA:6,(anonymous_11)
FNDA:6,step
FNDA:4,(anonymous_13)
FNDA:0,(anonymous_14)
FNDA:2,(anonymous_15)
FNDA:2,(anonymous_16)
FNDA:2,(anonymous_17)
FNDA:2,(anonymous_18)
FNDA:4,(anonymous_19)
FNDA:2,(anonymous_20)
FNDA:2,(anonymous_21)
FNDA:2,(anonymous_22)
FNDA:2,(anonymous_23)
FNDA:4,(anonymous_24)
FNDA:0,(anonymous_25)
FNDA:0,(anonymous_26)
FNDA:2,(anonymous_27)
FNDA:0,(anonymous_28)
FNDA:0,(anonymous_29)
FNDA:0,(anonymous_30)
FNDA:0,(anonymous_31)
FNDA:0,(anonymous_32)
FNDA:0,(anonymous_33)
FNDA:0,(anonymous_34)
FNDA:0,(anonymous_35)
FNDA:0,(anonymous_36)
FNDA:0,(anonymous_37)
FNDA:0,(anonymous_38)
FNDA:0,(anonymous_39)
FNDA:0,(anonymous_40)
FNDA:0,(anonymous_41)
FNDA:0,(anonymous_42)
FNDA:1,(anonymous_43)
FNDA:0,(anonymous_44)
FNDA:1,(anonymous_45)
FNDA:1,(anonymous_46)
FNDA:2,(anonymous_47)
FNDA:6,render
FNDA:0,(anonymous_49)
FNDA:0,(anonymous_50)
FNDA:0,(anonymous_51)
FNDA:0,(anonymous_52)
FNDA:0,(anonymous_53)
FNDA:0,(anonymous_54)
FNDA:0,(anonymous_55)
FNDA:0,(anonymous_56)
FNDA:0,(anonymous_57)
DA:3,2
DA:5,2
DA:6,0
DA:9,4
DA:11,2
DA:12,2
DA:14,0
DA:18,0
DA:19,0
DA:21,0
DA:25,6
DA:27,4
DA:30,2
DA:31,4
DA:34,2
DA:35,2
DA:44,4
DA:49,0
DA:52,12
DA:53,6
DA:57,6
DA:58,14
DA:59,14
DA:60,14
DA:61,14
DA:64,6
DA:65,6
DA:67,2
DA:68,2
DA:73,0
DA:74,0
DA:75,0
DA:76,0
DA:78,0
DA:79,0
DA:80,0
DA:82,6
DA:83,4
DA:84,4
DA:86,2
DA:87,2
DA:88,2
DA:90,0
DA:91,0
DA:92,0
DA:93,0
DA:95,0
DA:96,0
DA:97,0
DA:98,0
DA:100,0
DA:101,0
DA:102,0
DA:104,8
DA:106,0
DA:107,0
DA:109,14
DA:111,4
DA:112,4
DA:118,2
DA:119,4
DA:123,2
DA:126,2
DA:127,2
DA:128,2
DA:129,2
DA:130,2
DA:131,2
DA:158,2
DA:159,2
DA:160,2
DA:161,2
DA:162,2
DA:163,2
DA:164,2
DA:166,2
DA:167,2
DA:169,2
DA:170,4
DA:172,2
DA:173,2
DA:174,2
DA:175,2
DA:178,2
DA:179,2
DA:184,2
DA:185,2
DA:187,2
DA:188,2
DA:189,2
DA:190,4
DA:192,2
DA:193,0
DA:194,0
DA:196,0
DA:199,0
DA:200,0
DA:202,2
DA:207,2
DA:215,2
DA:228,0
DA:229,0
DA:230,0
DA:231,0
DA:233,0
DA:234,0
DA:236,0
DA:239,0
DA:240,0
DA:246,0
DA:247,0
DA:248,0
DA:249,0
DA:251,0
DA:252,0
DA:253,0
DA:255,0
DA:258,0
DA:259,0
DA:265,0
DA:268,0
DA:271,0
DA:274,0
DA:279,0
DA:280,0
DA:283,1
DA:286,0
DA:291,1
DA:295,1
DA:299,2
DA:303,2
DA:304,2
DA:305,2
DA:306,2
DA:307,2
DA:308,2
DA:309,2
DA:310,2
DA:311,2
DA:312,2
DA:316,2
DA:317,2
DA:318,2
DA:322,2
DA:323,2
DA:324,2
DA:328,2
DA:329,2
DA:330,2
DA:334,2
DA:337,2
DA:338,2
DA:339,2
DA:340,2
DA:344,2
DA:345,2
DA:346,2
DA:350,2
DA:351,2
DA:352,2
DA:353,2
DA:357,2
DA:358,2
DA:359,2
DA:360,2
DA:362,6
DA:363,6
DA:364,6
DA:378,0
DA:384,0
DA:398,0
DA:418,0
DA:455,0
DA:461,0
DA:473,0
DA:486,0
DA:499,0
DA:508,2
DA:509,2
LF:179
LH:113
BRDA:3,0,0,2
BRDA:3,0,1,2
BRDA:3,0,2,2
BRDA:5,1,0,2
BRDA:5,1,1,0
BRDA:9,2,0,4
BRDA:9,2,1,4
BRDA:25,3,0,4
BRDA:25,3,1,2
BRDA:27,4,0,4
BRDA:27,4,1,4
BRDA:30,5,0,2
BRDA:30,5,1,2
BRDA:30,5,2,2
BRDA:34,6,0,0
BRDA:34,6,1,2
BRDA:48,7,0,4
BRDA:48,7,1,4
BRDA:57,8,0,0
BRDA:57,8,1,6
BRDA:58,9,0,18
BRDA:58,9,1,4
BRDA:58,10,0,4
BRDA:58,10,1,0
BRDA:59,11,0,0
BRDA:59,11,1,14
BRDA:59,12,0,14
BRDA:59,12,1,0
BRDA:59,12,2,0
BRDA:59,13,0,0
BRDA:59,13,1,0
BRDA:59,14,0,0
BRDA:59,14,1,0
BRDA:59,15,0,0
BRDA:59,15,1,0
BRDA:59,16,0,0
BRDA:59,16,1,0
BRDA:60,17,0,0
BRDA:60,17,1,14
BRDA:61,18,0,6
BRDA:61,18,1,6
BRDA:61,18,2,2
BRDA:61,18,3,0
BRDA:61,18,4,0
BRDA:61,18,5,6
BRDA:82,19,0,4
BRDA:82,19,1,2
BRDA:82,20,0,6
BRDA:82,20,1,6
BRDA:82,20,2,6
BRDA:82,21,0,6
BRDA:82,21,1,0
BRDA:86,22,0,2
BRDA:86,22,1,0
BRDA:86,23,0,2
BRDA:86,23,1,2
BRDA:86,23,2,0
BRDA:86,23,3,0
BRDA:90,24,0,0
BRDA:90,24,1,0
BRDA:90,25,0,0
BRDA:90,25,1,0
BRDA:95,26,0,0
BRDA:95,26,1,0
BRDA:95,27,0,0
BRDA:95,27,1,0
BRDA:100,28,0,0
BRDA:100,28,1,0
BRDA:111,29,0,0
BRDA:111,29,1,4
BRDA:113,30,0,4
BRDA:113,30,1,0
BRDA:118,31,0,2
BRDA:118,31,1,2
BRDA:118,31,2,2
BRDA:119,32,0,4
BRDA:119,32,1,0
BRDA:119,33,0,4
BRDA:119,33,1,4
BRDA:170,34,0,2
BRDA:170,34,1,2
BRDA:185,35,0,2
BRDA:185,35,1,2
BRDA:185,35,2,2
BRDA:185,35,3,2
BRDA:185,35,4,0
BRDA:185,35,5,0
BRDA:190,36,0,2
BRDA:190,36,1,0
BRDA:190,36,2,2
BRDA:192,37,0,2
BRDA:192,37,1,0
BRDA:217,38,0,0
BRDA:217,38,1,2
BRDA:218,39,0,0
BRDA:218,39,1,2
BRDA:219,40,0,0
BRDA:219,40,1,2
BRDA:220,41,0,0
BRDA:220,41,1,2
BRDA:221,42,0,0
BRDA:221,42,1,2
BRDA:222,43,0,0
BRDA:222,43,1,2
BRDA:231,44,0,0
BRDA:231,44,1,0
BRDA:249,45,0,0
BRDA:249,45,1,0
BRDA:295,46,0,0
BRDA:295,46,1,1
BRDA:295,47,0,1
BRDA:295,47,1,1
BRDA:299,48,0,2
BRDA:299,48,1,0
BRDA:299,48,2,0
BRDA:299,48,3,0
BRDA:299,48,4,0
BRDA:299,48,5,0
BRDA:299,48,6,0
BRDA:372,49,0,0
BRDA:372,49,1,6
BRDA:378,50,0,0
BRDA:378,50,1,0
BRDA:392,51,0,0
BRDA:392,51,1,6
BRDA:398,52,0,0
BRDA:398,52,1,0
BRDA:412,53,0,0
BRDA:412,53,1,6
BRDA:418,54,0,0
BRDA:418,54,1,0
BRDA:432,55,0,0
BRDA:432,55,1,6
BRDA:449,56,0,0
BRDA:449,56,1,6
BRDA:455,57,0,0
BRDA:455,57,1,0
BRDA:473,58,0,6
BRDA:473,58,1,2
BRDA:486,59,0,6
BRDA:486,59,1,2
BRDA:499,60,0,6
BRDA:499,60,1,2
BRF:143
BRH:74
end_of_record
TN:
SF:src/helpers/errorProcessing.ts
FN:1,processErrorMessages
FN:11,(anonymous_1)
FNF:2
FNH:1
FNDA:7,processErrorMessages
FNDA:0,(anonymous_1)
DA:1,4
DA:6,7
DA:11,0
DA:12,0
DA:14,0
DA:16,7
LF:6
LH:3
BRDA:6,0,0,0
BRDA:6,0,1,7
BRDA:7,1,0,7
BRDA:7,1,1,7
BRF:4
BRH:3
end_of_record
TN:
SF:src/helpers/errors.ts
FN:3,(anonymous_0)
FNF:1
FNH:0
FNDA:0,(anonymous_0)
DA:1,7
DA:4,0
DA:5,0
DA:6,0
LF:4
LH:1
BRF:0
BRH:0
end_of_record
TN:
SF:src/helpers/insight.ts
FN:9,matchedLineIndices
FN:16,(anonymous_1)
FN:19,(anonymous_2)
FN:23,auditJsonLinesToLines
FN:28,(anonymous_4)
FN:30,(anonymous_5)
FN:33,(anonymous_6)
FNF:7
FNH:7
FNDA:6,matchedLineIndices
FNDA:12,(anonymous_1)
FNDA:12,(anonymous_2)
FNDA:1,auditJsonLinesToLines
FNDA:4,(anonymous_4)
FNDA:1,(anonymous_5)
FNDA:3,(anonymous_6)
DA:9,2
DA:13,6
DA:15,6
DA:17,12
DA:19,12
DA:20,6
DA:23,2
DA:27,1
DA:28,4
DA:30,1
DA:31,1
DA:32,1
DA:33,1
DA:34,3
DA:35,3
DA:39,1
LF:16
LH:16
BRDA:13,0,0,0
BRDA:17,1,0,6
BRDA:17,1,1,6
BRDA:34,2,0,3
BRF:4
BRH:3
end_of_record
TN:
SF:src/helpers/utils.ts
FN:7,stringIncludesOtherString
FN:14,toCapitalizedWords
FN:19,capitalize
FN:23,sortAlphabetically
FN:27,(anonymous_4)
FN:49,shortenFileName
FN:63,getEventValue
FN:68,truncate
FN:76,isInt
FN:80,isIntArray
FN:82,(anonymous_10)
FN:92,transformTable
FN:94,(anonymous_12)
FN:96,(anonymous_13)
FN:107,isDuplicate
FN:110,(anonymous_15)
FN:122,sanitizeObject
FN:126,(anonymous_17)
FN:132,(anonymous_18)
FN:149,isEmptyObject
FN:158,objectDeepCopy
FN:162,isTableType
FN:166,isNonTableType
FN:170,isLinkFileType
FN:174,getRestructuredProject
FN:179,(anonymous_25)
FN:206,getTablesFromListOfFiles
FN:210,(anonymous_27)
FN:214,encodeUriComponent
FN:218,diskSpaceBelowThreshold
FN:226,convertBytes
FNF:31
FNH:30
FNDA:50,stringIncludesOtherString
FNDA:11,toCapitalizedWords
FNDA:22,capitalize
FNDA:189,sortAlphabetically
FNDA:567,(anonymous_4)
FNDA:4,shortenFileName
FNDA:1,getEventValue
FNDA:24,truncate
FNDA:187,isInt
FNDA:38,isIntArray
FNDA:184,(anonymous_10)
FNDA:6,transformTable
FNDA:27,(anonymous_12)
FNDA:181,(anonymous_13)
FNDA:4,isDuplicate
FNDA:18,(anonymous_15)
FNDA:1,sanitizeObject
FNDA:9,(anonymous_17)
FNDA:8,(anonymous_18)
FNDA:7,isEmptyObject
FNDA:0,objectDeepCopy
FNDA:68,isTableType
FNDA:63,isNonTableType
FNDA:63,isLinkFileType
FNDA:22,getRestructuredProject
FNDA:180,(anonymous_25)
FNDA:7,getTablesFromListOfFiles
FNDA:4,(anonymous_27)
FNDA:1,encodeUriComponent
FNDA:2,diskSpaceBelowThreshold
FNDA:6,convertBytes
DA:7,19
DA:11,50
DA:14,19
DA:15,11
DA:16,11
DA:19,19
DA:20,22
DA:23,19
DA:27,189
DA:31,567
DA:32,523
DA:33,523
DA:35,44
DA:36,44
DA:39,567
DA:40,75
DA:42,492
DA:43,492
DA:45,0
DA:49,19
DA:50,4
DA:51,4
DA:53,4
DA:54,2
DA:59,2
DA:63,19
DA:64,1
DA:65,1
DA:68,19
DA:73,24
DA:76,19
DA:77,187
DA:80,19
DA:81,38
DA:82,38
DA:83,184
DA:84,184
DA:85,152
DA:86,152
DA:89,38
DA:92,19
DA:93,6
DA:94,6
DA:95,27
DA:96,27
DA:97,181
DA:98,143
DA:100,38
DA:104,6
DA:107,19
DA:108,4
DA:109,4
DA:110,4
DA:111,18
DA:112,4
DA:113,3
DA:115,1
DA:119,4
DA:122,19
DA:125,1
DA:126,1
DA:128,9
DA:129,9
DA:130,9
DA:131,2
DA:132,2
DA:133,8
DA:134,8
DA:136,0
DA:139,2
DA:140,7
DA:141,6
DA:143,1
DA:146,1
DA:149,19
DA:150,7
DA:158,19
DA:159,0
DA:162,19
DA:163,68
DA:166,19
DA:167,63
DA:170,19
DA:171,63
DA:174,19
DA:178,22
DA:179,22
DA:181,180
DA:182,180
DA:183,1
DA:187,179
DA:188,179
DA:189,179
DA:190,179
DA:193,179
DA:194,99
DA:196,80
DA:197,80
DA:198,1
DA:203,22
DA:206,19
DA:209,7
DA:210,4
DA:214,19
DA:215,1
DA:218,19
DA:219,2
DA:226,19
DA:227,6
DA:228,6
DA:229,6
DA:230,15
DA:231,15
DA:234,6
LF:114
LH:111
BRDA:15,0,0,11
BRDA:15,0,1,0
BRDA:31,1,0,523
BRDA:31,1,1,44
BRDA:31,2,0,567
BRDA:31,2,1,523
BRDA:39,3,0,75
BRDA:42,4,0,492
BRDA:53,5,0,2
BRDA:53,5,1,2
BRDA:71,6,0,22
BRDA:84,7,0,152
BRDA:97,8,0,143
BRDA:97,8,1,38
BRDA:111,9,0,4
BRDA:112,10,0,3
BRDA:112,10,1,1
BRDA:130,11,0,2
BRDA:130,11,1,7
BRDA:133,12,0,8
BRDA:133,12,1,0
BRDA:140,13,0,6
BRDA:140,13,1,1
BRDA:182,14,0,1
BRDA:182,15,0,180
BRDA:182,15,1,180
BRDA:187,16,0,179
BRDA:193,17,0,99
BRDA:193,17,1,80
BRDA:197,18,0,1
BRDA:209,19,0,1
BRDA:209,19,1,6
BRDA:229,20,0,21
BRDA:229,20,1,15
BRF:34
BRH:32
end_of_record
TN:
SF:src/views/Profiles.vue
FN:3,(anonymous_0)
FN:4,adopt
FN:5,(anonymous_2)
FN:9,(anonymous_3)
FN:10,fulfilled
FN:17,rejected
FN:24,step
FN:30,(anonymous_7)
FN:33,(anonymous_8)
FN:48,(anonymous_9)
FN:51,verb
FN:52,(anonymous_11)
FN:56,step
FN:118,(anonymous_13)
FN:151,(anonymous_14)
FN:157,(anonymous_15)
FN:158,(anonymous_16)
FN:159,(anonymous_17)
FN:170,(anonymous_18)
FN:171,(anonymous_19)
FN:173,(anonymous_20)
FN:177,(anonymous_21)
FN:186,(anonymous_22)
FN:204,(anonymous_23)
FN:242,(anonymous_24)
FN:244,(anonymous_25)
FN:251,(anonymous_26)
FN:253,(anonymous_27)
FN:260,(anonymous_28)
FN:278,(anonymous_29)
FN:283,(anonymous_30)
FN:286,(anonymous_31)
FN:289,(anonymous_32)
FN:293,(anonymous_33)
FN:296,(anonymous_34)
FN:299,(anonymous_35)
FN:302,(anonymous_36)
FN:315,(anonymous_37)
FN:335,(anonymous_38)
FN:341,(anonymous_39)
FN:345,(anonymous_40)
FN:351,(anonymous_41)
FN:353,(anonymous_42)
FN:359,(anonymous_43)
FN:363,(anonymous_44)
FN:367,(anonymous_45)
FN:373,(anonymous_46)
FN:375,(anonymous_47)
FN:383,(anonymous_48)
FN:402,(anonymous_49)
FN:406,(anonymous_50)
FN:411,(anonymous_51)
FN:414,(anonymous_52)
FN:419,(anonymous_53)
FN:424,(anonymous_54)
FN:427,(anonymous_55)
FN:432,(anonymous_56)
FN:433,(anonymous_57)
FN:435,(anonymous_58)
FN:461,(anonymous_59)
FN:489,render
FN:524,(anonymous_61)
FN:532,(anonymous_62)
FN:543,(anonymous_63)
FN:566,(anonymous_64)
FN:574,(anonymous_65)
FN:579,(anonymous_66)
FN:591,(anonymous_67)
FNF:68
FNH:48
FNDA:52,(anonymous_0)
FNDA:50,adopt
FNDA:0,(anonymous_2)
FNDA:52,(anonymous_3)
FNDA:48,fulfilled
FNDA:2,rejected
FNDA:100,step
FNDA:52,(anonymous_7)
FNDA:52,(anonymous_8)
FNDA:0,(anonymous_9)
FNDA:156,verb
FNDA:102,(anonymous_11)
FNDA:102,step
FNDA:8,(anonymous_13)
FNDA:17,(anonymous_14)
FNDA:17,(anonymous_15)
FNDA:17,(anonymous_16)
FNDA:34,(anonymous_17)
FNDA:26,(anonymous_18)
FNDA:26,(anonymous_19)
FNDA:50,(anonymous_20)
FNDA:23,(anonymous_21)
FNDA:1,(anonymous_22)
FNDA:17,(anonymous_23)
FNDA:3,(anonymous_24)
FNDA:15,(anonymous_25)
FNDA:3,(anonymous_26)
FNDA:15,(anonymous_27)
FNDA:34,(anonymous_28)
FNDA:5,(anonymous_29)
FNDA:0,(anonymous_30)
FNDA:0,(anonymous_31)
FNDA:0,(anonymous_32)
FNDA:0,(anonymous_33)
FNDA:1,(anonymous_34)
FNDA:6,(anonymous_35)
FNDA:21,(anonymous_36)
FNDA:11,(anonymous_37)
FNDA:1,(anonymous_38)
FNDA:1,(anonymous_39)
FNDA:0,(anonymous_40)
FNDA:0,(anonymous_41)
FNDA:0,(anonymous_42)
FNDA:0,(anonymous_43)
FNDA:9,(anonymous_44)
FNDA:3,(anonymous_45)
FNDA:11,(anonymous_46)
FNDA:15,(anonymous_47)
FNDA:2,(anonymous_48)
FNDA:12,(anonymous_49)
FNDA:2,(anonymous_50)
FNDA:2,(anonymous_51)
FNDA:0,(anonymous_52)
FNDA:1,(anonymous_53)
FNDA:1,(anonymous_54)
FNDA:0,(anonymous_55)
FNDA:9,(anonymous_56)
FNDA:9,(anonymous_57)
FNDA:29,(anonymous_58)
FNDA:0,(anonymous_59)
FNDA:74,render
FNDA:0,(anonymous_61)
FNDA:0,(anonymous_62)
FNDA:0,(anonymous_63)
FNDA:0,(anonymous_64)
FNDA:0,(anonymous_65)
FNDA:0,(anonymous_66)
FNDA:0,(anonymous_67)
DA:3,1
DA:5,50
DA:6,0
DA:9,52
DA:11,48
DA:12,48
DA:14,0
DA:18,2
DA:19,2
DA:21,0
DA:25,100
DA:27,52
DA:30,1
DA:31,52
DA:34,52
DA:35,50
DA:44,52
DA:49,0
DA:52,156
DA:53,102
DA:57,102
DA:58,224
DA:59,224
DA:60,224
DA:61,224
DA:64,102
DA:65,102
DA:67,50
DA:68,50
DA:73,0
DA:74,0
DA:75,0
DA:76,0
DA:78,0
DA:79,0
DA:80,0
DA:82,72
DA:83,52
DA:84,52
DA:86,20
DA:87,9
DA:88,9
DA:90,11
DA:91,2
DA:92,2
DA:93,2
DA:95,9
DA:96,0
DA:97,0
DA:98,0
DA:100,9
DA:101,9
DA:102,9
DA:104,113
DA:106,4
DA:107,4
DA:109,224
DA:111,52
DA:112,50
DA:118,1
DA:119,8
DA:123,1
DA:126,1
DA:127,1
DA:128,1
DA:129,1
DA:130,1
DA:131,1
DA:132,1
DA:133,1
DA:134,1
DA:135,1
DA:136,1
DA:137,1
DA:138,1
DA:139,1
DA:152,17
DA:153,17
DA:154,17
DA:155,17
DA:156,17
DA:157,17
DA:158,17
DA:159,17
DA:160,34
DA:162,17
DA:164,17
DA:165,17
DA:170,17
DA:171,26
DA:173,26
DA:174,50
DA:176,26
DA:177,26
DA:178,23
DA:179,23
DA:181,47
DA:183,47
DA:185,23
DA:187,1
DA:188,1
DA:191,24
DA:192,24
DA:197,17
DA:205,17
DA:243,3
DA:244,3
DA:245,15
DA:247,6
DA:249,3
DA:252,3
DA:253,3
DA:254,15
DA:256,6
DA:258,3
DA:261,34
DA:271,34
DA:272,17
DA:274,34
DA:279,5
DA:284,0
DA:285,0
DA:286,0
DA:287,0
DA:288,0
DA:290,0
DA:294,0
DA:297,1
DA:300,6
DA:301,6
DA:302,6
DA:303,21
DA:305,6
DA:306,6
DA:307,1
DA:308,1
DA:310,5
DA:311,1
DA:312,1
DA:314,4
DA:315,4
DA:316,11
DA:318,4
DA:319,1
DA:320,1
DA:322,3
DA:323,1
DA:324,1
DA:325,2
DA:326,1
DA:327,1
DA:328,1
DA:329,0
DA:330,0
DA:332,1
DA:336,1
DA:337,1
DA:338,1
DA:340,1
DA:341,1
DA:342,1
DA:343,1
DA:344,1
DA:346,0
DA:347,0
DA:350,1
DA:351,0
DA:352,0
DA:354,0
DA:355,0
DA:360,0
DA:361,0
DA:364,9
DA:365,9
DA:368,3
DA:369,3
DA:370,3
DA:371,3
DA:374,11
DA:375,11
DA:376,15
DA:379,11
DA:380,10
DA:381,1
DA:384,2
DA:385,2
DA:386,2
DA:400,2
DA:403,12
DA:404,12
DA:407,2
DA:408,2
DA:409,2
DA:410,2
DA:411,2
DA:412,2
DA:413,2
DA:415,0
DA:416,0
DA:420,1
DA:421,1
DA:422,1
DA:423,1
DA:424,1
DA:425,1
DA:426,1
DA:428,0
DA:429,0
DA:433,9
DA:435,9
DA:436,29
DA:438,9
DA:439,9
DA:441,9
DA:442,9
DA:444,9
DA:445,7
DA:446,7
DA:448,2
DA:449,2
DA:450,2
DA:451,2
DA:453,9
DA:460,1
DA:461,1
DA:462,0
DA:463,0
DA:464,0
DA:465,0
DA:468,0
DA:470,1
DA:471,1
DA:472,1
DA:473,1
DA:474,1
DA:475,1
DA:476,1
DA:477,1
DA:478,1
DA:481,1
DA:485,1
DA:486,1
DA:487,1
DA:488,1
DA:490,74
DA:491,74
DA:492,74
DA:493,74
DA:494,74
DA:495,74
DA:496,74
DA:524,0
DA:533,0
DA:534,0
DA:535,0
DA:537,0
DA:543,0
DA:566,0
DA:575,0
DA:579,0
DA:591,0
DA:605,1
DA:606,1
LF:263
LH:213
BRDA:3,0,0,1
BRDA:3,0,1,1
BRDA:3,0,2,1
BRDA:5,1,0,50
BRDA:5,1,1,0
BRDA:9,2,0,52
BRDA:9,2,1,52
BRDA:25,3,0,50
BRDA:25,3,1,50
BRDA:27,4,0,52
BRDA:27,4,1,52
BRDA:30,5,0,1
BRDA:30,5,1,1
BRDA:30,5,2,1
BRDA:34,6,0,2
BRDA:34,6,1,50
BRDA:48,7,0,52
BRDA:48,7,1,52
BRDA:57,8,0,0
BRDA:57,8,1,102
BRDA:58,9,0,276
BRDA:58,9,1,52
BRDA:58,10,0,52
BRDA:58,10,1,0
BRDA:59,11,0,0
BRDA:59,11,1,224
BRDA:59,12,0,224
BRDA:59,12,1,0
BRDA:59,12,2,0
BRDA:59,13,0,0
BRDA:59,13,1,0
BRDA:59,14,0,0
BRDA:59,14,1,0
BRDA:59,15,0,0
BRDA:59,15,1,0
BRDA:59,16,0,0
BRDA:59,16,1,0
BRDA:60,17,0,0
BRDA:60,17,1,224
BRDA:61,18,0,100
BRDA:61,18,1,102
BRDA:61,18,2,50
BRDA:61,18,3,0
BRDA:61,18,4,0
BRDA:61,18,5,72
BRDA:82,19,0,52
BRDA:82,19,1,20
BRDA:82,20,0,72
BRDA:82,20,1,61
BRDA:82,20,2,59
BRDA:82,21,0,72
BRDA:82,21,1,11
BRDA:86,22,0,9
BRDA:86,22,1,11
BRDA:86,23,0,20
BRDA:86,23,1,18
BRDA:86,23,2,9
BRDA:86,23,3,9
BRDA:90,24,0,2
BRDA:90,24,1,9
BRDA:90,25,0,11
BRDA:90,25,1,2
BRDA:95,26,0,0
BRDA:95,26,1,9
BRDA:95,27,0,9
BRDA:95,27,1,9
BRDA:100,28,0,0
BRDA:100,28,1,9
BRDA:111,29,0,2
BRDA:111,29,1,50
BRDA:113,30,0,50
BRDA:113,30,1,0
BRDA:118,31,0,1
BRDA:118,31,1,1
BRDA:118,31,2,1
BRDA:119,32,0,8
BRDA:119,32,1,0
BRDA:119,33,0,8
BRDA:119,33,1,8
BRDA:160,34,0,17
BRDA:160,34,1,17
BRDA:174,35,0,26
BRDA:174,35,1,24
BRDA:271,36,0,17
BRDA:271,36,1,17
BRDA:306,37,0,1
BRDA:306,37,1,5
BRDA:310,38,0,1
BRDA:310,38,1,4
BRDA:316,39,0,11
BRDA:316,39,1,7
BRDA:318,40,0,1
BRDA:318,40,1,3
BRDA:322,41,0,1
BRDA:322,41,1,2
BRDA:322,42,0,3
BRDA:322,42,1,1
BRDA:325,43,0,1
BRDA:325,43,1,1
BRDA:328,44,0,0
BRDA:328,44,1,1
BRDA:350,45,0,0
BRDA:350,45,1,1
BRDA:350,46,0,1
BRDA:350,46,1,0
BRDA:379,47,0,10
BRDA:379,47,1,1
BRDA:379,48,0,11
BRDA:379,48,1,11
BRDA:436,49,0,9
BRDA:436,49,1,9
BRDA:436,49,2,9
BRDA:436,49,3,2
BRDA:436,49,4,9
BRDA:461,50,0,1
BRDA:461,50,1,1
BRDA:461,50,2,1
BRDA:462,51,0,0
BRDA:462,51,1,0
BRDA:462,52,0,0
BRDA:462,52,1,0
BRDA:463,53,0,0
BRDA:463,53,1,0
BRDA:463,54,0,0
BRDA:463,54,1,0
BRDA:464,55,0,0
BRDA:464,55,1,0
BRDA:468,56,0,0
BRDA:468,56,1,0
BRDA:505,57,0,0
BRDA:505,57,1,74
BRDA:530,58,0,0
BRDA:530,58,1,0
BRDA:537,59,0,0
BRDA:537,59,1,0
BRDA:539,60,0,0
BRDA:539,60,1,0
BRDA:544,61,0,0
BRDA:544,61,1,0
BRDA:544,62,0,0
BRDA:544,62,1,0
BRDA:553,63,0,0
BRDA:553,63,1,0
BRDA:557,64,0,0
BRDA:557,64,1,0
BRDA:566,65,0,0
BRDA:566,65,1,0
BRDA:587,66,0,0
BRDA:587,66,1,0
BRDA:593,67,0,0
BRDA:593,67,1,0
BRF:151
BRH:94
end_of_record
TN:
SF:src/views/Projects.vue
FN:3,(anonymous_0)
FN:4,adopt
FN:5,(anonymous_2)
FN:9,(anonymous_3)
FN:10,fulfilled
FN:17,rejected
FN:24,step
FN:30,(anonymous_7)
FN:33,(anonymous_8)
FN:48,(anonymous_9)
FN:51,verb
FN:52,(anonymous_11)
FN:56,step
FN:118,(anonymous_13)
FN:153,(anonymous_14)
FN:158,(anonymous_15)
FN:161,(anonymous_16)
FN:162,(anonymous_17)
FN:164,(anonymous_18)
FN:168,(anonymous_19)
FN:185,(anonymous_20)
FN:211,(anonymous_21)
FN:215,(anonymous_22)
FN:218,(anonymous_23)
FN:224,(anonymous_24)
FN:232,(anonymous_25)
FN:235,(anonymous_26)
FN:238,(anonymous_27)
FN:241,(anonymous_28)
FN:244,(anonymous_29)
FN:247,(anonymous_30)
FN:248,(anonymous_31)
FN:256,(anonymous_32)
FN:269,(anonymous_33)
FN:279,(anonymous_34)
FN:282,(anonymous_35)
FN:286,(anonymous_36)
FN:290,(anonymous_37)
FN:293,(anonymous_38)
FN:302,(anonymous_39)
FN:307,(anonymous_40)
FN:308,(anonymous_41)
FN:312,(anonymous_42)
FN:313,(anonymous_43)
FN:315,(anonymous_44)
FN:338,(anonymous_45)
FN:342,(anonymous_46)
FN:348,(anonymous_47)
FN:351,(anonymous_48)
FN:354,(anonymous_49)
FN:358,(anonymous_50)
FN:361,(anonymous_51)
FN:365,(anonymous_52)
FN:368,(anonymous_53)
FN:372,(anonymous_54)
FN:376,(anonymous_55)
FN:384,(anonymous_56)
FN:385,(anonymous_57)
FN:386,(anonymous_58)
FN:400,(anonymous_59)
FN:405,(anonymous_60)
FN:410,(anonymous_61)
FN:412,(anonymous_62)
FN:418,(anonymous_63)
FN:427,(anonymous_64)
FN:455,render
FN:491,(anonymous_66)
FN:503,(anonymous_67)
FN:520,(anonymous_68)
FN:525,(anonymous_69)
FN:531,(anonymous_70)
FN:539,(anonymous_71)
FN:550,(anonymous_72)
FN:564,(anonymous_73)
FN:571,(anonymous_74)
FN:588,(anonymous_75)
FNF:76
FNH:54
FNDA:38,(anonymous_0)
FNDA:37,adopt
FNDA:0,(anonymous_2)
FNDA:38,(anonymous_3)
FNDA:36,fulfilled
FNDA:1,rejected
FNDA:74,step
FNDA:38,(anonymous_7)
FNDA:38,(anonymous_8)
FNDA:0,(anonymous_9)
FNDA:114,verb
FNDA:75,(anonymous_11)
FNDA:75,step
FNDA:9,(anonymous_13)
FNDA:20,(anonymous_14)
FNDA:20,(anonymous_15)
FNDA:28,(anonymous_16)
FNDA:28,(anonymous_17)
FNDA:55,(anonymous_18)
FNDA:2,(anonymous_19)
FNDA:20,(anonymous_20)
FNDA:9,(anonymous_21)
FNDA:5,(anonymous_22)
FNDA:5,(anonymous_23)
FNDA:5,(anonymous_24)
FNDA:2,(anonymous_25)
FNDA:2,(anonymous_26)
FNDA:2,(anonymous_27)
FNDA:3,(anonymous_28)
FNDA:0,(anonymous_29)
FNDA:3,(anonymous_30)
FNDA:21,(anonymous_31)
FNDA:0,(anonymous_32)
FNDA:0,(anonymous_33)
FNDA:0,(anonymous_34)
FNDA:0,(anonymous_35)
FNDA:4,(anonymous_36)
FNDA:2,(anonymous_37)
FNDA:0,(anonymous_38)
FNDA:1,(anonymous_39)
FNDA:3,(anonymous_40)
FNDA:13,(anonymous_41)
FNDA:8,(anonymous_42)
FNDA:8,(anonymous_43)
FNDA:25,(anonymous_44)
FNDA:77,(anonymous_45)
FNDA:28,(anonymous_46)
FNDA:2,(anonymous_47)
FNDA:1,(anonymous_48)
FNDA:1,(anonymous_49)
FNDA:2,(anonymous_50)
FNDA:0,(anonymous_51)
FNDA:2,(anonymous_52)
FNDA:1,(anonymous_53)
FNDA:3,(anonymous_54)
FNDA:21,(anonymous_55)
FNDA:2,(anonymous_56)
FNDA:2,(anonymous_57)
FNDA:4,(anonymous_58)
FNDA:0,(anonymous_59)
FNDA:0,(anonymous_60)
FNDA:1,(anonymous_61)
FNDA:1,(anonymous_62)
FNDA:1,(anonymous_63)
FNDA:0,(anonymous_64)
FNDA:86,render
FNDA:0,(anonymous_66)
FNDA:0,(anonymous_67)
FNDA:0,(anonymous_68)
FNDA:0,(anonymous_69)
FNDA:0,(anonymous_70)
FNDA:0,(anonymous_71)
FNDA:0,(anonymous_72)
FNDA:0,(anonymous_73)
FNDA:0,(anonymous_74)
FNDA:0,(anonymous_75)
DA:3,1
DA:5,37
DA:6,0
DA:9,38
DA:11,36
DA:12,36
DA:14,0
DA:18,1
DA:19,1
DA:21,0
DA:25,74
DA:27,38
DA:30,1
DA:31,38
DA:34,38
DA:35,37
DA:44,38
DA:49,0
DA:52,114
DA:53,75
DA:57,75
DA:58,167
DA:59,167
DA:60,167
DA:61,167
DA:64,75
DA:65,75
DA:67,37
DA:68,37
DA:73,0
DA:74,0
DA:75,0
DA:76,0
DA:78,0
DA:79,0
DA:80,0
DA:82,55
DA:83,38
DA:84,38
DA:86,17
DA:87,8
DA:88,8
DA:90,9
DA:91,1
DA:92,1
DA:93,1
DA:95,8
DA:96,0
DA:97,0
DA:98,0
DA:100,8
DA:101,8
DA:102,8
DA:104,84
DA:106,2
DA:107,2
DA:109,167
DA:111,38
DA:112,37
DA:118,1
DA:119,9
DA:123,1
DA:126,1
DA:127,1
DA:128,1
DA:129,1
DA:130,1
DA:131,1
DA:132,1
DA:133,1
DA:134,1
DA:135,1
DA:136,1
DA:137,1
DA:138,1
DA:139,1
DA:140,1
DA:154,20
DA:155,20
DA:156,20
DA:157,20
DA:158,20
DA:159,20
DA:161,20
DA:162,28
DA:164,28
DA:165,55
DA:167,28
DA:168,28
DA:169,2
DA:170,2
DA:173,27
DA:174,27
DA:179,20
DA:186,20
DA:212,9
DA:216,5
DA:219,5
DA:225,5
DA:226,3
DA:227,3
DA:233,2
DA:236,2
DA:239,2
DA:242,3
DA:243,3
DA:244,3
DA:245,0
DA:246,0
DA:248,3
DA:249,21
DA:250,18
DA:254,3
DA:257,0
DA:258,0
DA:259,0
DA:260,0
DA:261,0
DA:262,0
DA:264,0
DA:266,0
DA:270,0
DA:271,0
DA:272,0
DA:273,0
DA:275,0
DA:276,0
DA:280,0
DA:283,0
DA:284,0
DA:287,4
DA:288,4
DA:291,2
DA:292,2
DA:293,2
DA:294,0
DA:296,2
DA:300,2
DA:303,1
DA:304,1
DA:305,1
DA:308,3
DA:309,13
DA:313,8
DA:315,8
DA:316,25
DA:318,8
DA:319,8
DA:321,8
DA:322,8
DA:324,8
DA:325,7
DA:326,7
DA:328,1
DA:329,1
DA:330,1
DA:331,1
DA:333,8
DA:339,77
DA:340,77
DA:341,77
DA:342,4
DA:343,28
DA:346,77
DA:349,2
DA:350,2
DA:351,2
DA:352,1
DA:353,1
DA:355,1
DA:359,2
DA:362,0
DA:363,0
DA:366,2
DA:367,2
DA:368,2
DA:369,1
DA:373,3
DA:374,3
DA:375,3
DA:376,3
DA:377,21
DA:379,3
DA:380,1
DA:381,2
DA:382,0
DA:384,2
DA:385,2
DA:386,2
DA:387,4
DA:389,2
DA:390,2
DA:392,2
DA:393,2
DA:394,2
DA:396,2
DA:401,0
DA:406,0
DA:407,0
DA:408,0
DA:411,1
DA:412,1
DA:413,1
DA:414,1
DA:419,1
DA:420,1
DA:421,1
DA:422,1
DA:426,1
DA:427,1
DA:428,0
DA:429,0
DA:430,0
DA:431,0
DA:434,0
DA:436,1
DA:437,1
DA:438,1
DA:439,1
DA:440,1
DA:441,1
DA:442,1
DA:443,1
DA:444,1
DA:445,1
DA:449,1
DA:450,1
DA:451,1
DA:454,1
DA:456,86
DA:457,86
DA:458,86
DA:459,86
DA:460,86
DA:461,86
DA:462,86
DA:463,86
DA:464,86
DA:465,86
DA:491,0
DA:503,0
DA:520,0
DA:525,0
DA:531,0
DA:540,0
DA:541,0
DA:542,0
DA:544,0
DA:550,0
DA:564,0
DA:571,0
DA:588,0
DA:607,1
DA:608,1
LF:254
LH:195
BRDA:3,0,0,1
BRDA:3,0,1,1
BRDA:3,0,2,1
BRDA:5,1,0,37
BRDA:5,1,1,0
BRDA:9,2,0,38
BRDA:9,2,1,38
BRDA:25,3,0,37
BRDA:25,3,1,37
BRDA:27,4,0,38
BRDA:27,4,1,38
BRDA:30,5,0,1
BRDA:30,5,1,1
BRDA:30,5,2,1
BRDA:34,6,0,1
BRDA:34,6,1,37
BRDA:48,7,0,38
BRDA:48,7,1,38
BRDA:57,8,0,0
BRDA:57,8,1,75
BRDA:58,9,0,205
BRDA:58,9,1,38
BRDA:58,10,0,38
BRDA:58,10,1,0
BRDA:59,11,0,0
BRDA:59,11,1,167
BRDA:59,12,0,167
BRDA:59,12,1,0
BRDA:59,12,2,0
BRDA:59,13,0,0
BRDA:59,13,1,0
BRDA:59,14,0,0
BRDA:59,14,1,0
BRDA:59,15,0,0
BRDA:59,15,1,0
BRDA:59,16,0,0
BRDA:59,16,1,0
BRDA:60,17,0,0
BRDA:60,17,1,167
BRDA:61,18,0,74
BRDA:61,18,1,75
BRDA:61,18,2,37
BRDA:61,18,3,0
BRDA:61,18,4,0
BRDA:61,18,5,55
BRDA:82,19,0,38
BRDA:82,19,1,17
BRDA:82,20,0,55
BRDA:82,20,1,46
BRDA:82,20,2,45
BRDA:82,21,0,55
BRDA:82,21,1,9
BRDA:86,22,0,8
BRDA:86,22,1,9
BRDA:86,23,0,17
BRDA:86,23,1,16
BRDA:86,23,2,8
BRDA:86,23,3,8
BRDA:90,24,0,1
BRDA:90,24,1,8
BRDA:90,25,0,9
BRDA:90,25,1,1
BRDA:95,26,0,0
BRDA:95,26,1,8
BRDA:95,27,0,8
BRDA:95,27,1,8
BRDA:100,28,0,0
BRDA:100,28,1,8
BRDA:111,29,0,1
BRDA:111,29,1,37
BRDA:113,30,0,37
BRDA:113,30,1,0
BRDA:118,31,0,1
BRDA:118,31,1,1
BRDA:118,31,2,1
BRDA:119,32,0,9
BRDA:119,32,1,0
BRDA:119,33,0,9
BRDA:119,33,1,9
BRDA:165,34,0,28
BRDA:165,34,1,27
BRDA:225,35,0,3
BRDA:225,35,1,2
BRDA:233,36,0,2
BRDA:233,36,1,2
BRDA:249,37,0,18
BRDA:249,37,1,3
BRDA:258,38,0,0
BRDA:258,38,1,0
BRDA:260,39,0,0
BRDA:260,39,1,0
BRDA:262,40,0,0
BRDA:262,40,1,0
BRDA:270,41,0,0
BRDA:270,41,1,0
BRDA:316,42,0,8
BRDA:316,42,1,8
BRDA:316,42,2,8
BRDA:316,42,3,1
BRDA:316,42,4,8
BRDA:341,43,0,4
BRDA:341,43,1,73
BRDA:379,44,0,1
BRDA:379,44,1,2
BRDA:381,45,0,0
BRDA:381,45,1,2
BRDA:381,46,0,2
BRDA:381,46,1,1
BRDA:387,47,0,2
BRDA:387,47,1,2
BRDA:393,48,0,2
BRDA:393,48,1,0
BRDA:413,49,0,1
BRDA:413,49,1,0
BRDA:427,50,0,1
BRDA:427,50,1,1
BRDA:427,50,2,1
BRDA:428,51,0,0
BRDA:428,51,1,0
BRDA:428,52,0,0
BRDA:428,52,1,0
BRDA:429,53,0,0
BRDA:429,53,1,0
BRDA:429,54,0,0
BRDA:429,54,1,0
BRDA:430,55,0,0
BRDA:430,55,1,0
BRDA:434,56,0,0
BRDA:434,56,1,0
BRDA:474,57,0,0
BRDA:474,57,1,86
BRDA:484,58,0,0
BRDA:484,58,1,86
BRDA:491,59,0,0
BRDA:491,59,1,0
BRDA:503,60,0,86
BRDA:503,60,1,20
BRDA:508,61,0,10
BRDA:508,61,1,76
BRDA:537,62,0,0
BRDA:537,62,1,0
BRDA:544,63,0,0
BRDA:544,63,1,0
BRDA:546,64,0,0
BRDA:546,64,1,0
BRDA:558,65,0,0
BRDA:558,65,1,0
BRDA:558,65,2,0
BRDA:585,66,0,2
BRDA:585,66,1,74
BRF:150
BRH:93
end_of_record
TN:
SF:src/views/ProjectsExplorer.vue
FN:3,(anonymous_0)
FN:4,adopt
FN:5,(anonymous_2)
FN:9,(anonymous_3)
FN:10,fulfilled
FN:17,rejected
FN:24,step
FN:30,(anonymous_7)
FN:33,(anonymous_8)
FN:48,(anonymous_9)
FN:51,verb
FN:52,(anonymous_11)
FN:56,step
FN:118,(anonymous_13)
FN:158,(anonymous_14)
FN:166,(anonymous_15)
FN:169,(anonymous_16)
FN:170,(anonymous_17)
FN:172,(anonymous_18)
FN:179,(anonymous_19)
FN:201,(anonymous_20)
FN:229,(anonymous_21)
FN:235,(anonymous_22)
FN:238,(anonymous_23)
FN:243,(anonymous_24)
FN:254,(anonymous_25)
FN:260,(anonymous_26)
FN:265,(anonymous_27)
FN:269,(anonymous_28)
FN:272,(anonymous_29)
FN:280,(anonymous_30)
FN:283,(anonymous_31)
FN:287,(anonymous_32)
FN:290,(anonymous_33)
FN:293,(anonymous_34)
FN:296,(anonymous_35)
FN:300,(anonymous_36)
FN:314,(anonymous_37)
FN:316,(anonymous_38)
FN:318,(anonymous_39)
FN:322,(anonymous_40)
FN:325,(anonymous_41)
FN:331,(anonymous_42)
FN:334,(anonymous_43)
FN:338,(anonymous_44)
FN:342,(anonymous_45)
FN:349,(anonymous_46)
FN:351,(anonymous_47)
FN:358,(anonymous_48)
FN:362,(anonymous_49)
FN:368,(anonymous_50)
FN:373,(anonymous_51)
FN:378,(anonymous_52)
FN:381,(anonymous_53)
FN:385,(anonymous_54)
FN:391,(anonymous_55)
FN:398,(anonymous_56)
FN:401,(anonymous_57)
FN:404,(anonymous_58)
FN:410,(anonymous_59)
FN:419,(anonymous_60)
FN:424,(anonymous_61)
FN:426,(anonymous_62)
FN:433,(anonymous_63)
FN:438,(anonymous_64)
FN:496,render
FN:533,(anonymous_66)
FN:574,(anonymous_67)
FN:575,(anonymous_68)
FN:596,(anonymous_69)
FN:619,(anonymous_70)
FN:666,(anonymous_71)
FN:676,(anonymous_72)
FN:685,(anonymous_73)
FNF:74
FNH:47
FNDA:23,(anonymous_0)
FNDA:21,adopt
FNDA:0,(anonymous_2)
FNDA:23,(anonymous_3)
FNDA:21,fulfilled
FNDA:0,rejected
FNDA:42,step
FNDA:23,(anonymous_7)
FNDA:21,(anonymous_8)
FNDA:0,(anonymous_9)
FNDA:69,verb
FNDA:44,(anonymous_11)
FNDA:44,step
FNDA:11,(anonymous_13)
FNDA:18,(anonymous_14)
FNDA:18,(anonymous_15)
FNDA:23,(anonymous_16)
FNDA:23,(anonymous_17)
FNDA:44,(anonymous_18)
FNDA:2,(anonymous_19)
FNDA:18,(anonymous_20)
FNDA:4,(anonymous_21)
FNDA:2,(anonymous_22)
FNDA:0,(anonymous_23)
FNDA:2,(anonymous_24)
FNDA:0,(anonymous_25)
FNDA:20,(anonymous_26)
FNDA:0,(anonymous_27)
FNDA:0,(anonymous_28)
FNDA:4,(anonymous_29)
FNDA:5,(anonymous_30)
FNDA:1,(anonymous_31)
FNDA:1,(anonymous_32)
FNDA:21,(anonymous_33)
FNDA:4,(anonymous_34)
FNDA:6,(anonymous_35)
FNDA:3,(anonymous_36)
FNDA:2,(anonymous_37)
FNDA:2,(anonymous_38)
FNDA:0,(anonymous_39)
FNDA:2,(anonymous_40)
FNDA:1,(anonymous_41)
FNDA:0,(anonymous_42)
FNDA:1,(anonymous_43)
FNDA:3,(anonymous_44)
FNDA:2,(anonymous_45)
FNDA:1,(anonymous_46)
FNDA:0,(anonymous_47)
FNDA:1,(anonymous_48)
FNDA:5,(anonymous_49)
FNDA:3,(anonymous_50)
FNDA:2,(anonymous_51)
FNDA:2,(anonymous_52)
FNDA:1,(anonymous_53)
FNDA:1,(anonymous_54)
FNDA:0,(anonymous_55)
FNDA:0,(anonymous_56)
FNDA:0,(anonymous_57)
FNDA:0,(anonymous_58)
FNDA:0,(anonymous_59)
FNDA:1,(anonymous_60)
FNDA:0,(anonymous_61)
FNDA:0,(anonymous_62)
FNDA:0,(anonymous_63)
FNDA:0,(anonymous_64)
FNDA:61,render
FNDA:0,(anonymous_66)
FNDA:0,(anonymous_67)
FNDA:0,(anonymous_68)
FNDA:0,(anonymous_69)
FNDA:0,(anonymous_70)
FNDA:0,(anonymous_71)
FNDA:0,(anonymous_72)
FNDA:0,(anonymous_73)
DA:3,1
DA:5,21
DA:6,0
DA:9,23
DA:11,21
DA:12,21
DA:14,0
DA:18,0
DA:19,0
DA:21,0
DA:25,42
DA:27,23
DA:30,1
DA:31,23
DA:34,21
DA:35,21
DA:44,23
DA:49,0
DA:52,69
DA:53,44
DA:57,44
DA:58,88
DA:59,88
DA:60,88
DA:61,88
DA:64,44
DA:65,44
DA:67,21
DA:68,21
DA:73,0
DA:74,0
DA:75,0
DA:76,0
DA:78,0
DA:79,0
DA:80,0
DA:82,23
DA:83,23
DA:84,23
DA:86,0
DA:87,0
DA:88,0
DA:90,0
DA:91,0
DA:92,0
DA:93,0
DA:95,0
DA:96,0
DA:97,0
DA:98,0
DA:100,0
DA:101,0
DA:102,0
DA:104,44
DA:106,2
DA:107,2
DA:109,88
DA:111,23
DA:112,21
DA:118,1
DA:119,11
DA:123,1
DA:126,1
DA:127,1
DA:128,1
DA:129,1
DA:130,1
DA:131,1
DA:132,1
DA:133,1
DA:134,1
DA:135,1
DA:136,1
DA:137,1
DA:138,1
DA:139,1
DA:140,1
DA:141,1
DA:142,1
DA:159,18
DA:160,18
DA:161,18
DA:162,18
DA:163,18
DA:164,18
DA:165,18
DA:166,18
DA:167,18
DA:169,18
DA:170,23
DA:172,23
DA:173,44
DA:175,23
DA:176,18
DA:178,23
DA:179,23
DA:180,2
DA:181,2
DA:184,21
DA:185,21
DA:186,21
DA:191,18
DA:202,18
DA:230,4
DA:231,4
DA:232,3
DA:233,3
DA:234,2
DA:235,2
DA:236,2
DA:237,2
DA:239,0
DA:240,0
DA:241,0
DA:243,2
DA:244,2
DA:245,2
DA:246,2
DA:247,2
DA:248,2
DA:249,2
DA:250,0
DA:252,2
DA:255,0
DA:261,20
DA:266,0
DA:267,0
DA:270,0
DA:273,4
DA:281,5
DA:284,1
DA:285,1
DA:288,1
DA:291,21
DA:294,4
DA:297,6
DA:298,6
DA:301,3
DA:302,2
DA:303,1
DA:304,1
DA:305,1
DA:306,1
DA:308,1
DA:311,1
DA:315,2
DA:316,2
DA:317,2
DA:319,0
DA:323,2
DA:326,1
DA:327,1
DA:328,1
DA:329,1
DA:332,0
DA:335,1
DA:336,1
DA:339,3
DA:340,3
DA:343,2
DA:344,2
DA:345,2
DA:346,2
DA:347,2
DA:348,2
DA:349,2
DA:350,1
DA:351,1
DA:352,0
DA:353,0
DA:355,0
DA:357,1
DA:359,1
DA:363,5
DA:364,5
DA:365,3
DA:367,5
DA:368,5
DA:369,3
DA:370,3
DA:371,1
DA:374,2
DA:375,2
DA:379,2
DA:382,1
DA:383,1
DA:384,1
DA:385,1
DA:386,1
DA:387,1
DA:388,1
DA:389,1
DA:390,1
DA:392,0
DA:395,0
DA:399,0
DA:402,0
DA:405,0
DA:406,0
DA:407,0
DA:408,0
DA:411,0
DA:420,1
DA:421,1
DA:423,0
DA:424,0
DA:425,0
DA:426,0
DA:427,0
DA:428,0
DA:429,0
DA:430,0
DA:431,0
DA:434,0
DA:436,0
DA:437,0
DA:439,0
DA:442,1
DA:447,1
DA:448,1
DA:449,1
DA:450,1
DA:451,1
DA:452,1
DA:453,1
DA:454,1
DA:455,1
DA:456,1
DA:460,1
DA:461,1
DA:462,1
DA:463,1
DA:464,1
DA:468,1
DA:469,1
DA:472,1
DA:473,1
DA:474,1
DA:475,1
DA:479,1
DA:480,1
DA:483,1
DA:484,1
DA:485,1
DA:486,1
DA:487,1
DA:488,1
DA:489,1
DA:490,1
DA:491,1
DA:492,1
DA:493,1
DA:494,1
DA:495,1
DA:497,61
DA:498,61
DA:499,61
DA:500,61
DA:501,61
DA:502,61
DA:503,61
DA:504,61
DA:505,61
DA:506,61
DA:507,61
DA:508,61
DA:533,0
DA:574,0
DA:575,0
DA:597,0
DA:598,0
DA:599,0
DA:601,0
DA:619,0
DA:666,0
DA:676,0
DA:685,0
DA:739,1
DA:740,1
LF:279
LH:206
BRDA:3,0,0,1
BRDA:3,0,1,1
BRDA:3,0,2,1
BRDA:5,1,0,21
BRDA:5,1,1,0
BRDA:9,2,0,23
BRDA:9,2,1,23
BRDA:25,3,0,21
BRDA:25,3,1,21
BRDA:27,4,0,23
BRDA:27,4,1,23
BRDA:30,5,0,1
BRDA:30,5,1,1
BRDA:30,5,2,1
BRDA:34,6,0,0
BRDA:34,6,1,21
BRDA:48,7,0,23
BRDA:48,7,1,23
BRDA:57,8,0,0
BRDA:57,8,1,44
BRDA:58,9,0,111
BRDA:58,9,1,23
BRDA:58,10,0,23
BRDA:58,10,1,0
BRDA:59,11,0,0
BRDA:59,11,1,88
BRDA:59,12,0,88
BRDA:59,12,1,0
BRDA:59,12,2,0
BRDA:59,13,0,0
BRDA:59,13,1,0
BRDA:59,14,0,0
BRDA:59,14,1,0
BRDA:59,15,0,0
BRDA:59,15,1,0
BRDA:59,16,0,0
BRDA:59,16,1,0
BRDA:60,17,0,0
BRDA:60,17,1,88
BRDA:61,18,0,44
BRDA:61,18,1,44
BRDA:61,18,2,21
BRDA:61,18,3,0
BRDA:61,18,4,0
BRDA:61,18,5,23
BRDA:82,19,0,23
BRDA:82,19,1,0
BRDA:82,20,0,23
BRDA:82,20,1,23
BRDA:82,20,2,21
BRDA:82,21,0,23
BRDA:82,21,1,0
BRDA:86,22,0,0
BRDA:86,22,1,0
BRDA:86,23,0,0
BRDA:86,23,1,0
BRDA:86,23,2,0
BRDA:86,23,3,0
BRDA:90,24,0,0
BRDA:90,24,1,0
BRDA:90,25,0,0
BRDA:90,25,1,0
BRDA:95,26,0,0
BRDA:95,26,1,0
BRDA:95,27,0,0
BRDA:95,27,1,0
BRDA:100,28,0,0
BRDA:100,28,1,0
BRDA:111,29,0,2
BRDA:111,29,1,21
BRDA:113,30,0,21
BRDA:113,30,1,0
BRDA:118,31,0,1
BRDA:118,31,1,1
BRDA:118,31,2,1
BRDA:119,32,0,11
BRDA:119,32,1,0
BRDA:119,33,0,11
BRDA:119,33,1,11
BRDA:173,34,0,23
BRDA:173,34,1,21
BRDA:175,35,0,18
BRDA:175,35,1,5
BRDA:231,36,0,3
BRDA:231,36,1,1
BRDA:231,37,0,4
BRDA:231,37,1,4
BRDA:231,37,2,4
BRDA:233,38,0,2
BRDA:233,38,1,1
BRDA:233,39,0,3
BRDA:233,39,1,1
BRDA:249,40,0,0
BRDA:249,40,1,2
BRDA:301,41,0,2
BRDA:301,41,1,1
BRDA:302,42,0,1
BRDA:302,42,1,1
BRDA:352,43,0,0
BRDA:352,43,1,0
BRDA:364,44,0,3
BRDA:364,44,1,2
BRDA:370,45,0,1
BRDA:370,45,1,2
BRDA:383,46,0,1
BRDA:383,46,1,0
BRDA:383,47,0,1
BRDA:383,47,1,1
BRDA:383,47,2,1
BRDA:383,47,3,1
BRDA:383,47,4,1
BRDA:421,48,0,0
BRDA:421,48,1,1
BRDA:430,49,0,0
BRDA:430,49,1,0
BRDA:430,50,0,0
BRDA:430,50,1,0
BRDA:516,51,0,0
BRDA:516,51,1,61
BRDA:546,52,0,61
BRDA:546,52,1,7
BRDA:552,53,0,2
BRDA:552,53,1,59
BRDA:563,54,0,7
BRDA:563,54,1,54
BRDA:569,55,0,54
BRDA:569,55,1,0
BRDA:574,56,0,54
BRDA:574,56,1,18
BRDA:575,57,0,54
BRDA:575,57,1,18
BRDA:594,58,0,54
BRDA:594,58,1,18
BRDA:601,59,0,0
BRDA:601,59,1,0
BRDA:613,60,0,0
BRDA:613,60,1,61
BRDA:619,61,0,0
BRDA:619,61,1,0
BRDA:639,62,0,5
BRDA:639,62,1,56
BRDA:639,63,0,61
BRDA:639,63,1,5
BRDA:644,64,0,2
BRDA:644,64,1,59
BRDA:650,65,0,58
BRDA:650,65,1,3
BRDA:650,66,0,61
BRDA:650,66,1,58
BRDA:654,67,0,0
BRDA:654,67,1,3
BRDA:654,68,0,3
BRDA:654,68,1,1
BRDA:657,69,0,0
BRDA:657,69,1,0
BRDA:660,70,0,0
BRDA:660,70,1,0
BRDA:663,71,0,0
BRDA:663,71,1,0
BRDA:663,72,0,0
BRDA:663,72,1,0
BRDA:666,73,0,0
BRDA:666,73,1,0
BRDA:673,74,0,0
BRDA:673,74,1,0
BRDA:673,75,0,0
BRDA:673,75,1,0
BRDA:676,76,0,0
BRDA:676,76,1,0
BRDA:685,77,0,0
BRDA:685,77,1,0
BRDA:693,78,0,0
BRDA:693,78,1,0
BRDA:702,79,0,0
BRDA:702,79,1,0
BRDA:720,80,0,0
BRDA:720,80,1,0
BRDA:720,81,0,0
BRDA:720,81,1,0
BRDA:724,82,0,0
BRDA:724,82,1,0
BRDA:728,83,0,1
BRDA:728,83,1,2
BRDA:728,84,0,3
BRDA:728,84,1,1
BRF:185
BRH:102
end_of_record
TN:
SF:src/views/Users.vue
FN:3,(anonymous_0)
FN:4,adopt
FN:5,(anonymous_2)
FN:9,(anonymous_3)
FN:10,fulfilled
FN:17,rejected
FN:24,step
FN:30,(anonymous_7)
FN:33,(anonymous_8)
FN:48,(anonymous_9)
FN:51,verb
FN:52,(anonymous_11)
FN:56,step
FN:118,(anonymous_13)
FN:153,(anonymous_14)
FN:158,(anonymous_15)
FN:161,(anonymous_16)
FN:162,(anonymous_17)
FN:164,(anonymous_18)
FN:168,(anonymous_19)
FN:185,(anonymous_20)
FN:223,(anonymous_21)
FN:227,(anonymous_22)
FN:230,(anonymous_23)
FN:234,(anonymous_24)
FN:238,(anonymous_25)
FN:241,(anonymous_26)
FN:247,(anonymous_27)
FN:256,(anonymous_28)
FN:259,(anonymous_29)
FN:262,(anonymous_30)
FN:265,(anonymous_31)
FN:268,(anonymous_32)
FN:271,(anonymous_33)
FN:272,(anonymous_34)
FN:280,(anonymous_35)
FN:293,(anonymous_36)
FN:297,(anonymous_37)
FN:307,(anonymous_38)
FN:310,(anonymous_39)
FN:313,(anonymous_40)
FN:317,(anonymous_41)
FN:321,(anonymous_42)
FN:323,(anonymous_43)
FN:333,(anonymous_44)
FN:337,(anonymous_45)
FN:339,(anonymous_46)
FN:347,(anonymous_47)
FN:348,(anonymous_48)
FN:350,(anonymous_49)
FN:373,(anonymous_50)
FN:377,(anonymous_51)
FN:389,(anonymous_52)
FN:392,(anonymous_53)
FN:395,(anonymous_54)
FN:398,(anonymous_55)
FN:402,(anonymous_56)
FN:406,(anonymous_57)
FN:409,(anonymous_58)
FN:412,(anonymous_59)
FN:419,(anonymous_60)
FN:421,(anonymous_61)
FN:427,(anonymous_62)
FN:430,(anonymous_63)
FN:439,(anonymous_64)
FN:440,(anonymous_65)
FN:441,(anonymous_66)
FN:451,(anonymous_67)
FN:459,(anonymous_68)
FN:464,(anonymous_69)
FN:469,(anonymous_70)
FN:476,(anonymous_71)
FN:501,render
FN:536,(anonymous_73)
FN:548,(anonymous_74)
FN:564,(anonymous_75)
FN:573,(anonymous_76)
FN:583,(anonymous_77)
FN:597,(anonymous_78)
FN:604,(anonymous_79)
FN:610,(anonymous_80)
FN:613,(anonymous_81)
FN:630,(anonymous_82)
FNF:83
FNH:61
FNDA:58,(anonymous_0)
FNDA:55,adopt
FNDA:0,(anonymous_2)
FNDA:58,(anonymous_3)
FNDA:52,fulfilled
FNDA:3,rejected
FNDA:110,step
FNDA:58,(anonymous_7)
FNDA:58,(anonymous_8)
FNDA:0,(anonymous_9)
FNDA:174,verb
FNDA:113,(anonymous_11)
FNDA:113,step
FNDA:9,(anonymous_13)
FNDA:24,(anonymous_14)
FNDA:24,(anonymous_15)
FNDA:39,(anonymous_16)
FNDA:39,(anonymous_17)
FNDA:75,(anonymous_18)
FNDA:2,(anonymous_19)
FNDA:24,(anonymous_20)
FNDA:7,(anonymous_21)
FNDA:8,(anonymous_22)
FNDA:6,(anonymous_23)
FNDA:0,(anonymous_24)
FNDA:30,(anonymous_25)
FNDA:12,(anonymous_26)
FNDA:5,(anonymous_27)
FNDA:2,(anonymous_28)
FNDA:2,(anonymous_29)
FNDA:2,(anonymous_30)
FNDA:7,(anonymous_31)
FNDA:0,(anonymous_32)
FNDA:7,(anonymous_33)
FNDA:49,(anonymous_34)
FNDA:0,(anonymous_35)
FNDA:0,(anonymous_36)
FNDA:0,(anonymous_37)
FNDA:0,(anonymous_38)
FNDA:1,(anonymous_39)
FNDA:7,(anonymous_40)
FNDA:5,(anonymous_41)
FNDA:2,(anonymous_42)
FNDA:12,(anonymous_43)
FNDA:1,(anonymous_44)
FNDA:6,(anonymous_45)
FNDA:15,(anonymous_46)
FNDA:15,(anonymous_47)
FNDA:15,(anonymous_48)
FNDA:48,(anonymous_49)
FNDA:103,(anonymous_50)
FNDA:6,(anonymous_51)
FNDA:1,(anonymous_52)
FNDA:1,(anonymous_53)
FNDA:1,(anonymous_54)
FNDA:0,(anonymous_55)
FNDA:0,(anonymous_56)
FNDA:1,(anonymous_57)
FNDA:1,(anonymous_58)
FNDA:1,(anonymous_59)
FNDA:1,(anonymous_60)
FNDA:1,(anonymous_61)
FNDA:6,(anonymous_62)
FNDA:18,(anonymous_63)
FNDA:4,(anonymous_64)
FNDA:4,(anonymous_65)
FNDA:8,(anonymous_66)
FNDA:11,(anonymous_67)
FNDA:0,(anonymous_68)
FNDA:3,(anonymous_69)
FNDA:1,(anonymous_70)
FNDA:0,(anonymous_71)
FNDA:111,render
FNDA:0,(anonymous_73)
FNDA:0,(anonymous_74)
FNDA:0,(anonymous_75)
FNDA:0,(anonymous_76)
FNDA:0,(anonymous_77)
FNDA:0,(anonymous_78)
FNDA:0,(anonymous_79)
FNDA:0,(anonymous_80)
FNDA:0,(anonymous_81)
FNDA:0,(anonymous_82)
DA:3,1
DA:5,55
DA:6,0
DA:9,58
DA:11,52
DA:12,52
DA:14,0
DA:18,3
DA:19,3
DA:21,0
DA:25,110
DA:27,58
DA:30,1
DA:31,58
DA:34,58
DA:35,55
DA:44,58
DA:49,0
DA:52,174
DA:53,113
DA:57,113
DA:58,259
DA:59,259
DA:60,259
DA:61,259
DA:64,113
DA:65,113
DA:67,55
DA:68,55
DA:73,0
DA:74,0
DA:75,0
DA:76,0
DA:78,0
DA:79,0
DA:80,0
DA:82,91
DA:83,58
DA:84,58
DA:86,33
DA:87,15
DA:88,15
DA:90,18
DA:91,3
DA:92,3
DA:93,3
DA:95,15
DA:96,0
DA:97,0
DA:98,0
DA:100,15
DA:101,15
DA:102,15
DA:104,131
DA:106,6
DA:107,6
DA:109,259
DA:111,58
DA:112,55
DA:118,1
DA:119,9
DA:123,1
DA:126,1
DA:127,1
DA:128,1
DA:129,1
DA:130,1
DA:131,1
DA:132,1
DA:133,1
DA:134,1
DA:135,1
DA:136,1
DA:137,1
DA:138,1
DA:139,1
DA:140,1
DA:154,24
DA:155,24
DA:156,24
DA:157,24
DA:158,24
DA:159,24
DA:161,24
DA:162,39
DA:164,39
DA:165,75
DA:167,39
DA:168,39
DA:169,2
DA:170,2
DA:173,36
DA:174,36
DA:179,24
DA:186,24
DA:224,7
DA:228,8
DA:231,6
DA:235,0
DA:239,30
DA:242,12
DA:248,5
DA:249,5
DA:250,4
DA:251,4
DA:257,2
DA:260,2
DA:263,2
DA:266,7
DA:267,7
DA:268,7
DA:269,0
DA:270,0
DA:272,7
DA:273,49
DA:274,48
DA:278,7
DA:281,0
DA:282,0
DA:283,0
DA:284,0
DA:285,0
DA:286,0
DA:288,0
DA:290,0
DA:294,0
DA:295,0
DA:298,0
DA:299,0
DA:300,0
DA:301,0
DA:303,0
DA:304,0
DA:308,0
DA:311,1
DA:314,7
DA:315,7
DA:318,5
DA:319,5
DA:322,2
DA:323,2
DA:324,12
DA:325,8
DA:328,2
DA:329,2
DA:330,2
DA:331,2
DA:334,1
DA:335,1
DA:338,6
DA:339,6
DA:340,15
DA:343,6
DA:344,5
DA:345,1
DA:348,15
DA:350,15
DA:351,48
DA:353,15
DA:354,15
DA:356,15
DA:357,15
DA:359,15
DA:360,12
DA:361,12
DA:363,3
DA:364,3
DA:365,3
DA:366,3
DA:368,15
DA:374,103
DA:375,103
DA:376,103
DA:377,2
DA:378,6
DA:379,6
DA:380,6
DA:383,103
DA:384,6
DA:386,97
DA:390,1
DA:393,1
DA:394,1
DA:395,1
DA:396,1
DA:397,1
DA:399,0
DA:403,0
DA:404,0
DA:407,1
DA:408,1
DA:409,1
DA:411,1
DA:412,1
DA:413,1
DA:416,1
DA:420,1
DA:421,1
DA:422,1
DA:423,1
DA:428,6
DA:429,6
DA:430,6
DA:431,18
DA:433,6
DA:434,1
DA:435,5
DA:436,1
DA:438,4
DA:439,4
DA:440,4
DA:441,4
DA:442,8
DA:444,4
DA:445,4
DA:447,4
DA:448,4
DA:449,3
DA:451,4
DA:452,11
DA:454,4
DA:455,4
DA:460,0
DA:465,3
DA:466,3
DA:467,3
DA:470,1
DA:471,1
DA:475,1
DA:476,1
DA:477,0
DA:478,0
DA:479,0
DA:480,0
DA:483,0
DA:485,1
DA:486,1
DA:487,1
DA:488,1
DA:489,1
DA:490,1
DA:491,1
DA:492,1
DA:493,1
DA:494,1
DA:495,1
DA:496,1
DA:499,1
DA:500,1
DA:502,111
DA:503,111
DA:504,111
DA:505,111
DA:506,111
DA:507,111
DA:508,111
DA:509,111
DA:510,111
DA:536,0
DA:548,0
DA:564,0
DA:574,0
DA:575,0
DA:576,0
DA:578,0
DA:583,0
DA:597,0
DA:604,0
DA:610,0
DA:613,0
DA:630,0
DA:649,1
DA:650,1
LF:273
LH:217
BRDA:3,0,0,1
BRDA:3,0,1,1
BRDA:3,0,2,1
BRDA:5,1,0,55
BRDA:5,1,1,0
BRDA:9,2,0,58
BRDA:9,2,1,58
BRDA:25,3,0,55
BRDA:25,3,1,55
BRDA:27,4,0,58
BRDA:27,4,1,58
BRDA:30,5,0,1
BRDA:30,5,1,1
BRDA:30,5,2,1
BRDA:34,6,0,3
BRDA:34,6,1,55
BRDA:48,7,0,58
BRDA:48,7,1,58
BRDA:57,8,0,0
BRDA:57,8,1,113
BRDA:58,9,0,317
BRDA:58,9,1,58
BRDA:58,10,0,58
BRDA:58,10,1,0
BRDA:59,11,0,0
BRDA:59,11,1,259
BRDA:59,12,0,259
BRDA:59,12,1,0
BRDA:59,12,2,0
BRDA:59,13,0,0
BRDA:59,13,1,0
BRDA:59,14,0,0
BRDA:59,14,1,0
BRDA:59,15,0,0
BRDA:59,15,1,0
BRDA:59,16,0,0
BRDA:59,16,1,0
BRDA:60,17,0,0
BRDA:60,17,1,259
BRDA:61,18,0,110
BRDA:61,18,1,113
BRDA:61,18,2,55
BRDA:61,18,3,0
BRDA:61,18,4,0
BRDA:61,18,5,91
BRDA:82,19,0,58
BRDA:82,19,1,33
BRDA:82,20,0,91
BRDA:82,20,1,73
BRDA:82,20,2,70
BRDA:82,21,0,91
BRDA:82,21,1,18
BRDA:86,22,0,15
BRDA:86,22,1,18
BRDA:86,23,0,33
BRDA:86,23,1,30
BRDA:86,23,2,15
BRDA:86,23,3,15
BRDA:90,24,0,3
BRDA:90,24,1,15
BRDA:90,25,0,18
BRDA:90,25,1,3
BRDA:95,26,0,0
BRDA:95,26,1,15
BRDA:95,27,0,15
BRDA:95,27,1,15
BRDA:100,28,0,0
BRDA:100,28,1,15
BRDA:111,29,0,3
BRDA:111,29,1,55
BRDA:113,30,0,55
BRDA:113,30,1,0
BRDA:118,31,0,1
BRDA:118,31,1,1
BRDA:118,31,2,1
BRDA:119,32,0,9
BRDA:119,32,1,0
BRDA:119,33,0,9
BRDA:119,33,1,9
BRDA:165,34,0,39
BRDA:165,34,1,36
BRDA:249,35,0,4
BRDA:249,35,1,1
BRDA:257,36,0,2
BRDA:257,36,1,1
BRDA:273,37,0,48
BRDA:273,37,1,1
BRDA:282,38,0,0
BRDA:282,38,1,0
BRDA:284,39,0,0
BRDA:284,39,1,0
BRDA:286,40,0,0
BRDA:286,40,1,0
BRDA:298,41,0,0
BRDA:298,41,1,0
BRDA:324,42,0,8
BRDA:324,42,1,4
BRDA:324,43,0,12
BRDA:324,43,1,10
BRDA:343,44,0,5
BRDA:343,44,1,1
BRDA:343,45,0,6
BRDA:343,45,1,5
BRDA:351,46,0,15
BRDA:351,46,1,15
BRDA:351,46,2,15
BRDA:351,46,3,3
BRDA:351,46,4,15
BRDA:376,47,0,2
BRDA:376,47,1,101
BRDA:378,48,0,6
BRDA:378,48,1,0
BRDA:379,49,0,6
BRDA:379,49,1,0
BRDA:380,50,0,6
BRDA:380,50,1,2
BRDA:380,50,2,2
BRDA:383,51,0,6
BRDA:383,51,1,97
BRDA:411,52,0,1
BRDA:411,52,1,0
BRDA:422,53,0,1
BRDA:422,53,1,0
BRDA:433,54,0,1
BRDA:433,54,1,5
BRDA:435,55,0,1
BRDA:435,55,1,4
BRDA:435,56,0,5
BRDA:435,56,1,2
BRDA:442,57,0,4
BRDA:442,57,1,4
BRDA:448,58,0,3
BRDA:448,58,1,1
BRDA:476,59,0,1
BRDA:476,59,1,1
BRDA:476,59,2,1
BRDA:477,60,0,0
BRDA:477,60,1,0
BRDA:477,61,0,0
BRDA:477,61,1,0
BRDA:478,62,0,0
BRDA:478,62,1,0
BRDA:478,63,0,0
BRDA:478,63,1,0
BRDA:479,64,0,0
BRDA:479,64,1,0
BRDA:483,65,0,0
BRDA:483,65,1,0
BRDA:519,66,0,0
BRDA:519,66,1,111
BRDA:529,67,0,0
BRDA:529,67,1,111
BRDA:536,68,0,0
BRDA:536,68,1,0
BRDA:548,69,0,111
BRDA:548,69,1,24
BRDA:553,70,0,14
BRDA:553,70,1,97
BRDA:570,71,0,0
BRDA:570,71,1,0
BRDA:571,72,0,0
BRDA:571,72,1,0
BRDA:578,73,0,0
BRDA:578,73,1,0
BRDA:590,74,0,0
BRDA:590,74,1,0
BRDA:590,74,2,0
BRDA:627,75,0,2
BRDA:627,75,1,95
BRF:169
BRH:111
end_of_record
